23:10:04 **** Incremental Build of configuration Debug for project G474RE_Main ****
make -j4 all 
arm-none-eabi-gcc "../Core/Src/main.c" -mcpu=cortex-m4 -std=gnu11 -g3 -DUSE_HAL_DRIVER -DSTM32G474xx -DDEBUG -c -I../Core/Inc -I../Drivers/STM32G4xx_HAL_Driver/Inc -I../Drivers/STM32G4xx_HAL_Driver/Inc/Legacy -I../Drivers/CMSIS/Device/ST/STM32G4xx/Include -I../Drivers/CMSIS/Include -I"/home/chris/DSP_GuitarPedal/G474RE_Main/CppUTests" -I"/home/chris/DSP_GuitarPedal/G474RE_Main/Application" -I"/home/chris/DSP_GuitarPedal/G474_RTT/RTT" -O0 -ffunction-sections -fdata-sections -Wall -fstack-usage -MMD -MP -MF"Core/Src/main.d" -MT"Core/Src/main.o" --specs=nano.specs -mfpu=fpv4-sp-d16 -mfloat-abi=hard -mthumb -o "Core/Src/main.o"
In file included from /home/chris/DSP_GuitarPedal/G474RE_Main/Application/appmain.hpp:33:0,
                 from ../Core/Src/main.c:28:
/home/chris/DSP_GuitarPedal/G474RE_Main/Application/sine_lookup_table.hpp:32:10: fatal error: array: No such file or directory
 #include <array>
          ^~~~~~~
compilation terminated.
make: *** [Core/Src/subdir.mk:46: Core/Src/main.o] Error 1
"make -j4 all" terminated with exit code 2. Build might be incomplete.
23:11:54 **** Incremental Build of configuration Debug for project G474RE_Main ****
make -j4 all 
arm-none-eabi-g++ "../CppUTests/cpputests_dsp_buffer.cpp" -mcpu=cortex-m4 -std=gnu++14 -g3 -DUSE_HAL_DRIVER -DSTM32G474xx -DDEBUG -c -I../Core/Inc -I"/home/chris/DSP_GuitarPedal/G474_CppUTest/Inc" -I../Drivers/STM32G4xx_HAL_Driver/Inc -I../Drivers/STM32G4xx_HAL_Driver/Inc/Legacy -I../Drivers/CMSIS/Device/ST/STM32G4xx/Include -I../Drivers/CMSIS/Include -I"/home/chris/DSP_GuitarPedal/G474RE_Main/CppUTests" -I"/home/chris/DSP_GuitarPedal/G474RE_Main/Application" -I"/home/chris/DSP_GuitarPedal/G474_RTT/RTT" -O0 -ffunction-sections -fdata-sections -fno-exceptions -fno-rtti -fno-use-cxa-atexit -Wall -fstack-usage -MMD -MP -MF"CppUTests/cpputests_dsp_buffer.d" -MT"CppUTests/cpputests_dsp_buffer.o" --specs=nano.specs -mfpu=fpv4-sp-d16 -mfloat-abi=hard -mthumb -o "CppUTests/cpputests_dsp_buffer.o"
arm-none-eabi-gcc "../Core/Src/main.c" -mcpu=cortex-m4 -std=gnu11 -g3 -DUSE_HAL_DRIVER -DSTM32G474xx -DDEBUG -c -I../Core/Inc -I../Drivers/STM32G4xx_HAL_Driver/Inc -I../Drivers/STM32G4xx_HAL_Driver/Inc/Legacy -I../Drivers/CMSIS/Device/ST/STM32G4xx/Include -I../Drivers/CMSIS/Include -I"/home/chris/DSP_GuitarPedal/G474RE_Main/CppUTests" -I"/home/chris/DSP_GuitarPedal/G474RE_Main/Application" -I"/home/chris/DSP_GuitarPedal/G474_RTT/RTT" -O0 -ffunction-sections -fdata-sections -Wall -fstack-usage -MMD -MP -MF"Core/Src/main.d" -MT"Core/Src/main.o" --specs=nano.specs -mfpu=fpv4-sp-d16 -mfloat-abi=hard -mthumb -o "Core/Src/main.o"
arm-none-eabi-g++ "../Application/appmain.cpp" -mcpu=cortex-m4 -std=gnu++14 -g3 -DUSE_HAL_DRIVER -DSTM32G474xx -DDEBUG -c -I../Core/Inc -I"/home/chris/DSP_GuitarPedal/G474_CppUTest/Inc" -I../Drivers/STM32G4xx_HAL_Driver/Inc -I../Drivers/STM32G4xx_HAL_Driver/Inc/Legacy -I../Drivers/CMSIS/Device/ST/STM32G4xx/Include -I../Drivers/CMSIS/Include -I"/home/chris/DSP_GuitarPedal/G474RE_Main/CppUTests" -I"/home/chris/DSP_GuitarPedal/G474RE_Main/Application" -I"/home/chris/DSP_GuitarPedal/G474_RTT/RTT" -O0 -ffunction-sections -fdata-sections -fno-exceptions -fno-rtti -fno-use-cxa-atexit -Wall -fstack-usage -MMD -MP -MF"Application/appmain.d" -MT"Application/appmain.o" --specs=nano.specs -mfpu=fpv4-sp-d16 -mfloat-abi=hard -mthumb -o "Application/appmain.o"
arm-none-eabi-g++ "../Application/sine_lookup_table.cpp" -mcpu=cortex-m4 -std=gnu++14 -g3 -DUSE_HAL_DRIVER -DSTM32G474xx -DDEBUG -c -I../Core/Inc -I"/home/chris/DSP_GuitarPedal/G474_CppUTest/Inc" -I../Drivers/STM32G4xx_HAL_Driver/Inc -I../Drivers/STM32G4xx_HAL_Driver/Inc/Legacy -I../Drivers/CMSIS/Device/ST/STM32G4xx/Include -I../Drivers/CMSIS/Include -I"/home/chris/DSP_GuitarPedal/G474RE_Main/CppUTests" -I"/home/chris/DSP_GuitarPedal/G474RE_Main/Application" -I"/home/chris/DSP_GuitarPedal/G474_RTT/RTT" -O0 -ffunction-sections -fdata-sections -fno-exceptions -fno-rtti -fno-use-cxa-atexit -Wall -fstack-usage -MMD -MP -MF"Application/sine_lookup_table.d" -MT"Application/sine_lookup_table.o" --specs=nano.specs -mfpu=fpv4-sp-d16 -mfloat-abi=hard -mthumb -o "Application/sine_lookup_table.o"
In file included from /home/chris/DSP_GuitarPedal/G474RE_Main/Application/appmain.hpp:33:0,
                 from ../Core/Src/main.c:28:
/home/chris/DSP_GuitarPedal/G474RE_Main/Application/sine_lookup_table.hpp:32:10: fatal error: array: No such file or directory
 #include <array>
          ^~~~~~~
compilation terminated.
make: *** [Core/Src/subdir.mk:46: Core/Src/main.o] Error 1
make: *** Waiting for unfinished jobs....
../Application/sine_lookup_table.cpp:31:21: error: redefinition of 'std::array<int, 64> sine_lut'
 std::array<int, 64> sine_lut {
                     ^~~~~~~~
In file included from ../Application/sine_lookup_table.cpp:29:0:
../Application/sine_lookup_table.hpp:34:21: note: 'std::array<int, 64> sine_lut' previously declared here
 std::array<int, 64> sine_lut;
                     ^~~~~~~~
../Application/sine_lookup_table.cpp:43:21: error: redefinition of 'std::array<int, 64> sine_lut_24b_left'
 std::array<int, 64> sine_lut_24b_left {
                     ^~~~~~~~~~~~~~~~~
In file included from ../Application/sine_lookup_table.cpp:29:0:
../Application/sine_lookup_table.hpp:36:21: note: 'std::array<int, 64> sine_lut_24b_left' previously declared here
 std::array<int, 64> sine_lut_24b_left;
                     ^~~~~~~~~~~~~~~~~
make: *** [Application/subdir.mk:32: Application/sine_lookup_table.o] Error 1
"make -j4 all" terminated with exit code 2. Build might be incomplete.
23:11:55 **** Incremental Build of configuration Debug for project G474_CppUTest ****
make -j4 all 
make: Nothing to be done for 'all'.
23:11:55 **** Incremental Build of configuration Debug for project G474_RTT ****
make -j4 all 
make: Nothing to be done for 'all'.
23:11:58 **** Incremental Build of configuration Debug for project G474RE_Main ****
make -j4 all 
arm-none-eabi-g++ "../CppUTests/cpputests_dsp_buffer.cpp" -mcpu=cortex-m4 -std=gnu++14 -g3 -DUSE_HAL_DRIVER -DSTM32G474xx -DDEBUG -c -I../Core/Inc -I"/home/chris/DSP_GuitarPedal/G474_CppUTest/Inc" -I../Drivers/STM32G4xx_HAL_Driver/Inc -I../Drivers/STM32G4xx_HAL_Driver/Inc/Legacy -I../Drivers/CMSIS/Device/ST/STM32G4xx/Include -I../Drivers/CMSIS/Include -I"/home/chris/DSP_GuitarPedal/G474RE_Main/CppUTests" -I"/home/chris/DSP_GuitarPedal/G474RE_Main/Application" -I"/home/chris/DSP_GuitarPedal/G474_RTT/RTT" -O0 -ffunction-sections -fdata-sections -fno-exceptions -fno-rtti -fno-use-cxa-atexit -Wall -fstack-usage -MMD -MP -MF"CppUTests/cpputests_dsp_buffer.d" -MT"CppUTests/cpputests_dsp_buffer.o" --specs=nano.specs -mfpu=fpv4-sp-d16 -mfloat-abi=hard -mthumb -o "CppUTests/cpputests_dsp_buffer.o"
arm-none-eabi-gcc "../Core/Src/main.c" -mcpu=cortex-m4 -std=gnu11 -g3 -DUSE_HAL_DRIVER -DSTM32G474xx -DDEBUG -c -I../Core/Inc -I../Drivers/STM32G4xx_HAL_Driver/Inc -I../Drivers/STM32G4xx_HAL_Driver/Inc/Legacy -I../Drivers/CMSIS/Device/ST/STM32G4xx/Include -I../Drivers/CMSIS/Include -I"/home/chris/DSP_GuitarPedal/G474RE_Main/CppUTests" -I"/home/chris/DSP_GuitarPedal/G474RE_Main/Application" -I"/home/chris/DSP_GuitarPedal/G474_RTT/RTT" -O0 -ffunction-sections -fdata-sections -Wall -fstack-usage -MMD -MP -MF"Core/Src/main.d" -MT"Core/Src/main.o" --specs=nano.specs -mfpu=fpv4-sp-d16 -mfloat-abi=hard -mthumb -o "Core/Src/main.o"
arm-none-eabi-g++ "../Application/appmain.cpp" -mcpu=cortex-m4 -std=gnu++14 -g3 -DUSE_HAL_DRIVER -DSTM32G474xx -DDEBUG -c -I../Core/Inc -I"/home/chris/DSP_GuitarPedal/G474_CppUTest/Inc" -I../Drivers/STM32G4xx_HAL_Driver/Inc -I../Drivers/STM32G4xx_HAL_Driver/Inc/Legacy -I../Drivers/CMSIS/Device/ST/STM32G4xx/Include -I../Drivers/CMSIS/Include -I"/home/chris/DSP_GuitarPedal/G474RE_Main/CppUTests" -I"/home/chris/DSP_GuitarPedal/G474RE_Main/Application" -I"/home/chris/DSP_GuitarPedal/G474_RTT/RTT" -O0 -ffunction-sections -fdata-sections -fno-exceptions -fno-rtti -fno-use-cxa-atexit -Wall -fstack-usage -MMD -MP -MF"Application/appmain.d" -MT"Application/appmain.o" --specs=nano.specs -mfpu=fpv4-sp-d16 -mfloat-abi=hard -mthumb -o "Application/appmain.o"
arm-none-eabi-g++ "../Application/sine_lookup_table.cpp" -mcpu=cortex-m4 -std=gnu++14 -g3 -DUSE_HAL_DRIVER -DSTM32G474xx -DDEBUG -c -I../Core/Inc -I"/home/chris/DSP_GuitarPedal/G474_CppUTest/Inc" -I../Drivers/STM32G4xx_HAL_Driver/Inc -I../Drivers/STM32G4xx_HAL_Driver/Inc/Legacy -I../Drivers/CMSIS/Device/ST/STM32G4xx/Include -I../Drivers/CMSIS/Include -I"/home/chris/DSP_GuitarPedal/G474RE_Main/CppUTests" -I"/home/chris/DSP_GuitarPedal/G474RE_Main/Application" -I"/home/chris/DSP_GuitarPedal/G474_RTT/RTT" -O0 -ffunction-sections -fdata-sections -fno-exceptions -fno-rtti -fno-use-cxa-atexit -Wall -fstack-usage -MMD -MP -MF"Application/sine_lookup_table.d" -MT"Application/sine_lookup_table.o" --specs=nano.specs -mfpu=fpv4-sp-d16 -mfloat-abi=hard -mthumb -o "Application/sine_lookup_table.o"
In file included from ../Application/sine_lookup_table.cpp:29:0:
../Application/sine_lookup_table.hpp:33:6: error: 'array' in namespace 'std' does not name a template type
 std::array<int, 64> sine_lut;
      ^~~~~
../Application/sine_lookup_table.hpp:35:6: error: 'array' in namespace 'std' does not name a template type
 std::array<int, 64> sine_lut_24b_left;
      ^~~~~
../Application/sine_lookup_table.cpp:31:6: error: 'array' in namespace 'std' does not name a template type
 std::array<int, 64> sine_lut {
      ^~~~~
../Application/sine_lookup_table.cpp:43:6: error: 'array' in namespace 'std' does not name a template type
 std::array<int, 64> sine_lut_24b_left {
      ^~~~~
make: *** [Application/subdir.mk:32: Application/sine_lookup_table.o] Error 1
make: *** Waiting for unfinished jobs....
In file included from /home/chris/DSP_GuitarPedal/G474RE_Main/Application/appmain.hpp:33:0,
                 from ../Core/Src/main.c:28:
/home/chris/DSP_GuitarPedal/G474RE_Main/Application/sine_lookup_table.hpp:33:4: error: expected '=', ',', ';', 'asm' or '__attribute__' before ':' token
 std::array<int, 64> sine_lut;
    ^
/home/chris/DSP_GuitarPedal/G474RE_Main/Application/sine_lookup_table.hpp:35:4: error: expected '=', ',', ';', 'asm' or '__attribute__' before ':' token
 std::array<int, 64> sine_lut_24b_left;
    ^
make: *** [Core/Src/subdir.mk:46: Core/Src/main.o] Error 1
In file included from ../Application/appmain.hpp:33:0,
                 from ../Application/appmain.cpp:32:
../Application/sine_lookup_table.hpp:33:6: error: 'array' in namespace 'std' does not name a template type
 std::array<int, 64> sine_lut;
      ^~~~~
../Application/sine_lookup_table.hpp:35:6: error: 'array' in namespace 'std' does not name a template type
 std::array<int, 64> sine_lut_24b_left;
      ^~~~~
make: *** [Application/subdir.mk:28: Application/appmain.o] Error 1
"make -j4 all" terminated with exit code 2. Build might be incomplete.
23:11:59 **** Incremental Build of configuration Debug for project G474_CppUTest ****
make -j4 all 
make: Nothing to be done for 'all'.
23:12:00 **** Incremental Build of configuration Debug for project G474_RTT ****
make -j4 all 
make: Nothing to be done for 'all'.
23:12:20 **** Incremental Build of configuration Debug for project G474RE_Main ****
make -j4 all 
arm-none-eabi-g++ "../CppUTests/cpputests_dsp_buffer.cpp" -mcpu=cortex-m4 -std=gnu++14 -g3 -DUSE_HAL_DRIVER -DSTM32G474xx -DDEBUG -c -I../Core/Inc -I"/home/chris/DSP_GuitarPedal/G474_CppUTest/Inc" -I../Drivers/STM32G4xx_HAL_Driver/Inc -I../Drivers/STM32G4xx_HAL_Driver/Inc/Legacy -I../Drivers/CMSIS/Device/ST/STM32G4xx/Include -I../Drivers/CMSIS/Include -I"/home/chris/DSP_GuitarPedal/G474RE_Main/CppUTests" -I"/home/chris/DSP_GuitarPedal/G474RE_Main/Application" -I"/home/chris/DSP_GuitarPedal/G474_RTT/RTT" -O0 -ffunction-sections -fdata-sections -fno-exceptions -fno-rtti -fno-use-cxa-atexit -Wall -fstack-usage -MMD -MP -MF"CppUTests/cpputests_dsp_buffer.d" -MT"CppUTests/cpputests_dsp_buffer.o" --specs=nano.specs -mfpu=fpv4-sp-d16 -mfloat-abi=hard -mthumb -o "CppUTests/cpputests_dsp_buffer.o"
arm-none-eabi-gcc "../Core/Src/main.c" -mcpu=cortex-m4 -std=gnu11 -g3 -DUSE_HAL_DRIVER -DSTM32G474xx -DDEBUG -c -I../Core/Inc -I../Drivers/STM32G4xx_HAL_Driver/Inc -I../Drivers/STM32G4xx_HAL_Driver/Inc/Legacy -I../Drivers/CMSIS/Device/ST/STM32G4xx/Include -I../Drivers/CMSIS/Include -I"/home/chris/DSP_GuitarPedal/G474RE_Main/CppUTests" -I"/home/chris/DSP_GuitarPedal/G474RE_Main/Application" -I"/home/chris/DSP_GuitarPedal/G474_RTT/RTT" -O0 -ffunction-sections -fdata-sections -Wall -fstack-usage -MMD -MP -MF"Core/Src/main.d" -MT"Core/Src/main.o" --specs=nano.specs -mfpu=fpv4-sp-d16 -mfloat-abi=hard -mthumb -o "Core/Src/main.o"
arm-none-eabi-g++ "../Application/appmain.cpp" -mcpu=cortex-m4 -std=gnu++14 -g3 -DUSE_HAL_DRIVER -DSTM32G474xx -DDEBUG -c -I../Core/Inc -I"/home/chris/DSP_GuitarPedal/G474_CppUTest/Inc" -I../Drivers/STM32G4xx_HAL_Driver/Inc -I../Drivers/STM32G4xx_HAL_Driver/Inc/Legacy -I../Drivers/CMSIS/Device/ST/STM32G4xx/Include -I../Drivers/CMSIS/Include -I"/home/chris/DSP_GuitarPedal/G474RE_Main/CppUTests" -I"/home/chris/DSP_GuitarPedal/G474RE_Main/Application" -I"/home/chris/DSP_GuitarPedal/G474_RTT/RTT" -O0 -ffunction-sections -fdata-sections -fno-exceptions -fno-rtti -fno-use-cxa-atexit -Wall -fstack-usage -MMD -MP -MF"Application/appmain.d" -MT"Application/appmain.o" --specs=nano.specs -mfpu=fpv4-sp-d16 -mfloat-abi=hard -mthumb -o "Application/appmain.o"
In file included from /home/chris/DSP_GuitarPedal/G474RE_Main/Application/appmain.hpp:33:0,
                 from ../Core/Src/main.c:28:
/home/chris/DSP_GuitarPedal/G474RE_Main/Application/sine_lookup_table.hpp:32:10: fatal error: array: No such file or directory
 #include <array>
          ^~~~~~~
compilation terminated.
make: *** [Core/Src/subdir.mk:46: Core/Src/main.o] Error 1
make: *** Waiting for unfinished jobs....
"make -j4 all" terminated with exit code 2. Build might be incomplete.
23:12:21 **** Incremental Build of configuration Debug for project G474_CppUTest ****
make -j4 all 
make: Nothing to be done for 'all'.
23:12:21 **** Incremental Build of configuration Debug for project G474_RTT ****
make -j4 all 
make: Nothing to be done for 'all'.
23:12:40 **** Incremental Build of configuration Debug for project G474RE_Main ****
make -j4 all 
arm-none-eabi-g++ "../CppUTests/cpputests_dsp_buffer.cpp" -mcpu=cortex-m4 -std=gnu++14 -g3 -DUSE_HAL_DRIVER -DSTM32G474xx -DDEBUG -c -I../Core/Inc -I"/home/chris/DSP_GuitarPedal/G474_CppUTest/Inc" -I../Drivers/STM32G4xx_HAL_Driver/Inc -I../Drivers/STM32G4xx_HAL_Driver/Inc/Legacy -I../Drivers/CMSIS/Device/ST/STM32G4xx/Include -I../Drivers/CMSIS/Include -I"/home/chris/DSP_GuitarPedal/G474RE_Main/CppUTests" -I"/home/chris/DSP_GuitarPedal/G474RE_Main/Application" -I"/home/chris/DSP_GuitarPedal/G474_RTT/RTT" -O0 -ffunction-sections -fdata-sections -fno-exceptions -fno-rtti -fno-use-cxa-atexit -Wall -fstack-usage -MMD -MP -MF"CppUTests/cpputests_dsp_buffer.d" -MT"CppUTests/cpputests_dsp_buffer.o" --specs=nano.specs -mfpu=fpv4-sp-d16 -mfloat-abi=hard -mthumb -o "CppUTests/cpputests_dsp_buffer.o"
arm-none-eabi-gcc "../Core/Src/main.c" -mcpu=cortex-m4 -std=gnu11 -g3 -DUSE_HAL_DRIVER -DSTM32G474xx -DDEBUG -c -I../Core/Inc -I../Drivers/STM32G4xx_HAL_Driver/Inc -I../Drivers/STM32G4xx_HAL_Driver/Inc/Legacy -I../Drivers/CMSIS/Device/ST/STM32G4xx/Include -I../Drivers/CMSIS/Include -I"/home/chris/DSP_GuitarPedal/G474RE_Main/CppUTests" -I"/home/chris/DSP_GuitarPedal/G474RE_Main/Application" -I"/home/chris/DSP_GuitarPedal/G474_RTT/RTT" -O0 -ffunction-sections -fdata-sections -Wall -fstack-usage -MMD -MP -MF"Core/Src/main.d" -MT"Core/Src/main.o" --specs=nano.specs -mfpu=fpv4-sp-d16 -mfloat-abi=hard -mthumb -o "Core/Src/main.o"
arm-none-eabi-g++ "../Application/appmain.cpp" -mcpu=cortex-m4 -std=gnu++14 -g3 -DUSE_HAL_DRIVER -DSTM32G474xx -DDEBUG -c -I../Core/Inc -I"/home/chris/DSP_GuitarPedal/G474_CppUTest/Inc" -I../Drivers/STM32G4xx_HAL_Driver/Inc -I../Drivers/STM32G4xx_HAL_Driver/Inc/Legacy -I../Drivers/CMSIS/Device/ST/STM32G4xx/Include -I../Drivers/CMSIS/Include -I"/home/chris/DSP_GuitarPedal/G474RE_Main/CppUTests" -I"/home/chris/DSP_GuitarPedal/G474RE_Main/Application" -I"/home/chris/DSP_GuitarPedal/G474_RTT/RTT" -O0 -ffunction-sections -fdata-sections -fno-exceptions -fno-rtti -fno-use-cxa-atexit -Wall -fstack-usage -MMD -MP -MF"Application/appmain.d" -MT"Application/appmain.o" --specs=nano.specs -mfpu=fpv4-sp-d16 -mfloat-abi=hard -mthumb -o "Application/appmain.o"
arm-none-eabi-g++ -o "G474RE_Main.elf" @"objects.list"  -lG474_CppUTest -lG474_RTT -mcpu=cortex-m4 -T"/home/chris/DSP_GuitarPedal/G474RE_Main/STM32G474RETX_FLASH.ld" --specs=nosys.specs -Wl,-Map="G474RE_Main.map" -Wl,--gc-sections -static -L"/home/chris/DSP_GuitarPedal/G474_CppUTest/Debug" -L"/home/chris/DSP_GuitarPedal/G474_RTT/Debug" --specs=nano.specs -mfpu=fpv4-sp-d16 -mfloat-abi=hard -mthumb -Wl,--start-group -lc -lm -lstdc++ -lsupc++ -Wl,--end-group
CppUTests/cpputests_dsp_buffer.o:/home/chris/DSP_GuitarPedal/G474RE_Main/Application/sine_lookup_table.hpp:34: multiple definition of `sine_lut'
Application/appmain.o:/home/chris/DSP_GuitarPedal/G474RE_Main/Debug/../Application/sine_lookup_table.hpp:34: first defined here
CppUTests/cpputests_dsp_buffer.o:/home/chris/DSP_GuitarPedal/G474RE_Main/Application/sine_lookup_table.hpp:46: multiple definition of `sine_lut_24b_left'
Application/appmain.o:/home/chris/DSP_GuitarPedal/G474RE_Main/Debug/../Application/sine_lookup_table.hpp:46: first defined here
collect2: error: ld returned 1 exit status
make: *** [makefile:75: G474RE_Main.elf] Error 1
"make -j4 all" terminated with exit code 2. Build might be incomplete.
23:12:42 **** Incremental Build of configuration Debug for project G474_CppUTest ****
make -j4 all 
make: Nothing to be done for 'all'.
23:12:42 **** Incremental Build of configuration Debug for project G474_RTT ****
make -j4 all 
make: Nothing to be done for 'all'.
23:12:59 **** Incremental Build of configuration Debug for project G474RE_Main ****
make -j4 all 
arm-none-eabi-g++ "../CppUTests/cpputests_dsp_buffer.cpp" -mcpu=cortex-m4 -std=gnu++14 -g3 -DUSE_HAL_DRIVER -DSTM32G474xx -DDEBUG -c -I../Core/Inc -I"/home/chris/DSP_GuitarPedal/G474_CppUTest/Inc" -I../Drivers/STM32G4xx_HAL_Driver/Inc -I../Drivers/STM32G4xx_HAL_Driver/Inc/Legacy -I../Drivers/CMSIS/Device/ST/STM32G4xx/Include -I../Drivers/CMSIS/Include -I"/home/chris/DSP_GuitarPedal/G474RE_Main/CppUTests" -I"/home/chris/DSP_GuitarPedal/G474RE_Main/Application" -I"/home/chris/DSP_GuitarPedal/G474_RTT/RTT" -O0 -ffunction-sections -fdata-sections -fno-exceptions -fno-rtti -fno-use-cxa-atexit -Wall -fstack-usage -MMD -MP -MF"CppUTests/cpputests_dsp_buffer.d" -MT"CppUTests/cpputests_dsp_buffer.o" --specs=nano.specs -mfpu=fpv4-sp-d16 -mfloat-abi=hard -mthumb -o "CppUTests/cpputests_dsp_buffer.o"
arm-none-eabi-gcc "../Core/Src/main.c" -mcpu=cortex-m4 -std=gnu11 -g3 -DUSE_HAL_DRIVER -DSTM32G474xx -DDEBUG -c -I../Core/Inc -I../Drivers/STM32G4xx_HAL_Driver/Inc -I../Drivers/STM32G4xx_HAL_Driver/Inc/Legacy -I../Drivers/CMSIS/Device/ST/STM32G4xx/Include -I../Drivers/CMSIS/Include -I"/home/chris/DSP_GuitarPedal/G474RE_Main/CppUTests" -I"/home/chris/DSP_GuitarPedal/G474RE_Main/Application" -I"/home/chris/DSP_GuitarPedal/G474_RTT/RTT" -O0 -ffunction-sections -fdata-sections -Wall -fstack-usage -MMD -MP -MF"Core/Src/main.d" -MT"Core/Src/main.o" --specs=nano.specs -mfpu=fpv4-sp-d16 -mfloat-abi=hard -mthumb -o "Core/Src/main.o"
arm-none-eabi-g++ "../Application/appmain.cpp" -mcpu=cortex-m4 -std=gnu++14 -g3 -DUSE_HAL_DRIVER -DSTM32G474xx -DDEBUG -c -I../Core/Inc -I"/home/chris/DSP_GuitarPedal/G474_CppUTest/Inc" -I../Drivers/STM32G4xx_HAL_Driver/Inc -I../Drivers/STM32G4xx_HAL_Driver/Inc/Legacy -I../Drivers/CMSIS/Device/ST/STM32G4xx/Include -I../Drivers/CMSIS/Include -I"/home/chris/DSP_GuitarPedal/G474RE_Main/CppUTests" -I"/home/chris/DSP_GuitarPedal/G474RE_Main/Application" -I"/home/chris/DSP_GuitarPedal/G474_RTT/RTT" -O0 -ffunction-sections -fdata-sections -fno-exceptions -fno-rtti -fno-use-cxa-atexit -Wall -fstack-usage -MMD -MP -MF"Application/appmain.d" -MT"Application/appmain.o" --specs=nano.specs -mfpu=fpv4-sp-d16 -mfloat-abi=hard -mthumb -o "Application/appmain.o"
../CppUTests/cpputests_dsp_buffer.cpp: In member function 'virtual void TEST_DspBufferGroup_DspBuffer_Allign8BitRight_Test::testBody()':
../CppUTests/cpputests_dsp_buffer.cpp:149:22: error: 'sine_lut' was not declared in this scope
  while(test_count < (sine_lut.size() * 10) )
                      ^~~~~~~~
../CppUTests/cpputests_dsp_buffer.cpp:149:22: note: suggested alternative: 'size_t'
  while(test_count < (sine_lut.size() * 10) )
                      ^~~~~~~~
                      size_t
make: *** [CppUTests/subdir.mk:21: CppUTests/cpputests_dsp_buffer.o] Error 1
make: *** Waiting for unfinished jobs....
"make -j4 all" terminated with exit code 2. Build might be incomplete.
23:13:00 **** Incremental Build of configuration Debug for project G474_CppUTest ****
make -j4 all 
make: Nothing to be done for 'all'.
23:13:01 **** Incremental Build of configuration Debug for project G474_RTT ****
make -j4 all 
make: Nothing to be done for 'all'.
23:13:11 **** Incremental Build of configuration Debug for project G474RE_Main ****
make -j4 all 
arm-none-eabi-g++ "../CppUTests/cpputests_dsp_buffer.cpp" -mcpu=cortex-m4 -std=gnu++14 -g3 -DUSE_HAL_DRIVER -DSTM32G474xx -DDEBUG -c -I../Core/Inc -I"/home/chris/DSP_GuitarPedal/G474_CppUTest/Inc" -I../Drivers/STM32G4xx_HAL_Driver/Inc -I../Drivers/STM32G4xx_HAL_Driver/Inc/Legacy -I../Drivers/CMSIS/Device/ST/STM32G4xx/Include -I../Drivers/CMSIS/Include -I"/home/chris/DSP_GuitarPedal/G474RE_Main/CppUTests" -I"/home/chris/DSP_GuitarPedal/G474RE_Main/Application" -I"/home/chris/DSP_GuitarPedal/G474_RTT/RTT" -O0 -ffunction-sections -fdata-sections -fno-exceptions -fno-rtti -fno-use-cxa-atexit -Wall -fstack-usage -MMD -MP -MF"CppUTests/cpputests_dsp_buffer.d" -MT"CppUTests/cpputests_dsp_buffer.o" --specs=nano.specs -mfpu=fpv4-sp-d16 -mfloat-abi=hard -mthumb -o "CppUTests/cpputests_dsp_buffer.o"
arm-none-eabi-g++ -o "G474RE_Main.elf" @"objects.list"  -lG474_CppUTest -lG474_RTT -mcpu=cortex-m4 -T"/home/chris/DSP_GuitarPedal/G474RE_Main/STM32G474RETX_FLASH.ld" --specs=nosys.specs -Wl,-Map="G474RE_Main.map" -Wl,--gc-sections -static -L"/home/chris/DSP_GuitarPedal/G474_CppUTest/Debug" -L"/home/chris/DSP_GuitarPedal/G474_RTT/Debug" --specs=nano.specs -mfpu=fpv4-sp-d16 -mfloat-abi=hard -mthumb -Wl,--start-group -lc -lm -lstdc++ -lsupc++ -Wl,--end-group
Finished building target: G474RE_Main.elf
 
arm-none-eabi-objdump -h -S  G474RE_Main.elf  > "G474RE_Main.list"
arm-none-eabi-objcopy  -O binary  G474RE_Main.elf  "G474RE_Main.bin"
arm-none-eabi-size   G474RE_Main.elf 
   text	   data	    bss	    dec	    hex	filename
 267068	   1288	  10912	 279268	  442e4	G474RE_Main.elf
Finished building: default.size.stdout
 
Finished building: G474RE_Main.bin
 
Finished building: G474RE_Main.list
 
23:13:16 **** Incremental Build of configuration Debug for project G474_CppUTest ****
make -j4 all 
make: Nothing to be done for 'all'.
23:13:16 **** Incremental Build of configuration Debug for project G474_RTT ****
make -j4 all 
make: Nothing to be done for 'all'.
23:13:19 **** Incremental Build of configuration Debug for project G474RE_Main ****
make -j4 all 
arm-none-eabi-g++ "../CppUTests/cpputests_dsp_buffer.cpp" -mcpu=cortex-m4 -std=gnu++14 -g3 -DUSE_HAL_DRIVER -DSTM32G474xx -DDEBUG -c -I../Core/Inc -I"/home/chris/DSP_GuitarPedal/G474_CppUTest/Inc" -I../Drivers/STM32G4xx_HAL_Driver/Inc -I../Drivers/STM32G4xx_HAL_Driver/Inc/Legacy -I../Drivers/CMSIS/Device/ST/STM32G4xx/Include -I../Drivers/CMSIS/Include -I"/home/chris/DSP_GuitarPedal/G474RE_Main/CppUTests" -I"/home/chris/DSP_GuitarPedal/G474RE_Main/Application" -I"/home/chris/DSP_GuitarPedal/G474_RTT/RTT" -O0 -ffunction-sections -fdata-sections -fno-exceptions -fno-rtti -fno-use-cxa-atexit -Wall -fstack-usage -MMD -MP -MF"CppUTests/cpputests_dsp_buffer.d" -MT"CppUTests/cpputests_dsp_buffer.o" --specs=nano.specs -mfpu=fpv4-sp-d16 -mfloat-abi=hard -mthumb -o "CppUTests/cpputests_dsp_buffer.o"
arm-none-eabi-g++ -o "G474RE_Main.elf" @"objects.list"  -lG474_CppUTest -lG474_RTT -mcpu=cortex-m4 -T"/home/chris/DSP_GuitarPedal/G474RE_Main/STM32G474RETX_FLASH.ld" --specs=nosys.specs -Wl,-Map="G474RE_Main.map" -Wl,--gc-sections -static -L"/home/chris/DSP_GuitarPedal/G474_CppUTest/Debug" -L"/home/chris/DSP_GuitarPedal/G474_RTT/Debug" --specs=nano.specs -mfpu=fpv4-sp-d16 -mfloat-abi=hard -mthumb -Wl,--start-group -lc -lm -lstdc++ -lsupc++ -Wl,--end-group
Finished building target: G474RE_Main.elf
 
arm-none-eabi-objdump -h -S  G474RE_Main.elf  > "G474RE_Main.list"
arm-none-eabi-objcopy  -O binary  G474RE_Main.elf  "G474RE_Main.bin"
arm-none-eabi-size   G474RE_Main.elf 
   text	   data	    bss	    dec	    hex	filename
 267068	   1288	  10912	 279268	  442e4	G474RE_Main.elf
Finished building: default.size.stdout
Finished building: G474RE_Main.bin
 
 
Finished building: G474RE_Main.list
 
23:13:24 **** Incremental Build of configuration Debug for project G474_CppUTest ****
make -j4 all 
make: Nothing to be done for 'all'.
23:13:24 **** Incremental Build of configuration Debug for project G474_RTT ****
make -j4 all 
make: Nothing to be done for 'all'.
23:13:42 **** Incremental Build of configuration Debug for project G474RE_Main ****
make -j4 all 
arm-none-eabi-g++ "../Application/appmain.cpp" -mcpu=cortex-m4 -std=gnu++14 -g3 -DUSE_HAL_DRIVER -DSTM32G474xx -DDEBUG -c -I../Core/Inc -I"/home/chris/DSP_GuitarPedal/G474_CppUTest/Inc" -I../Drivers/STM32G4xx_HAL_Driver/Inc -I../Drivers/STM32G4xx_HAL_Driver/Inc/Legacy -I../Drivers/CMSIS/Device/ST/STM32G4xx/Include -I../Drivers/CMSIS/Include -I"/home/chris/DSP_GuitarPedal/G474RE_Main/CppUTests" -I"/home/chris/DSP_GuitarPedal/G474RE_Main/Application" -I"/home/chris/DSP_GuitarPedal/G474_RTT/RTT" -O0 -ffunction-sections -fdata-sections -fno-exceptions -fno-rtti -fno-use-cxa-atexit -Wall -fstack-usage -MMD -MP -MF"Application/appmain.d" -MT"Application/appmain.o" --specs=nano.specs -mfpu=fpv4-sp-d16 -mfloat-abi=hard -mthumb -o "Application/appmain.o"
arm-none-eabi-g++ -o "G474RE_Main.elf" @"objects.list"  -lG474_CppUTest -lG474_RTT -mcpu=cortex-m4 -T"/home/chris/DSP_GuitarPedal/G474RE_Main/STM32G474RETX_FLASH.ld" --specs=nosys.specs -Wl,-Map="G474RE_Main.map" -Wl,--gc-sections -static -L"/home/chris/DSP_GuitarPedal/G474_CppUTest/Debug" -L"/home/chris/DSP_GuitarPedal/G474_RTT/Debug" --specs=nano.specs -mfpu=fpv4-sp-d16 -mfloat-abi=hard -mthumb -Wl,--start-group -lc -lm -lstdc++ -lsupc++ -Wl,--end-group
Finished building target: G474RE_Main.elf
 
arm-none-eabi-objdump -h -S  G474RE_Main.elf  > "G474RE_Main.list"
arm-none-eabi-objcopy  -O binary  G474RE_Main.elf  "G474RE_Main.bin"
arm-none-eabi-size   G474RE_Main.elf 
   text	   data	    bss	    dec	    hex	filename
 267068	   1288	  10912	 279268	  442e4	G474RE_Main.elf
Finished building: default.size.stdout
Finished building: G474RE_Main.bin
 
 
Finished building: G474RE_Main.list
 
23:13:47 **** Incremental Build of configuration Debug for project G474_CppUTest ****
make -j4 all 
make: Nothing to be done for 'all'.
23:13:47 **** Incremental Build of configuration Debug for project G474_RTT ****
make -j4 all 
make: Nothing to be done for 'all'.
23:14:24 **** Incremental Build of configuration Debug for project G474RE_Main ****
make -j4 all 
arm-none-eabi-size   G474RE_Main.elf 
   text	   data	    bss	    dec	    hex	filename
 267068	   1288	  10912	 279268	  442e4	G474RE_Main.elf
Finished building: default.size.stdout
 
23:14:54 **** Incremental Build of configuration Debug for project G474RE_Main ****
make -j4 all 
arm-none-eabi-g++ "../Application/appmain.cpp" -mcpu=cortex-m4 -std=gnu++14 -g3 -DUSE_HAL_DRIVER -DSTM32G474xx -DDEBUG -c -I../Core/Inc -I"/home/chris/DSP_GuitarPedal/G474_CppUTest/Inc" -I../Drivers/STM32G4xx_HAL_Driver/Inc -I../Drivers/STM32G4xx_HAL_Driver/Inc/Legacy -I../Drivers/CMSIS/Device/ST/STM32G4xx/Include -I../Drivers/CMSIS/Include -I"/home/chris/DSP_GuitarPedal/G474RE_Main/CppUTests" -I"/home/chris/DSP_GuitarPedal/G474RE_Main/Application" -I"/home/chris/DSP_GuitarPedal/G474_RTT/RTT" -O0 -ffunction-sections -fdata-sections -fno-exceptions -fno-rtti -fno-use-cxa-atexit -Wall -fstack-usage -MMD -MP -MF"Application/appmain.d" -MT"Application/appmain.o" --specs=nano.specs -mfpu=fpv4-sp-d16 -mfloat-abi=hard -mthumb -o "Application/appmain.o"
arm-none-eabi-g++ -o "G474RE_Main.elf" @"objects.list"  -lG474_CppUTest -lG474_RTT -mcpu=cortex-m4 -T"/home/chris/DSP_GuitarPedal/G474RE_Main/STM32G474RETX_FLASH.ld" --specs=nosys.specs -Wl,-Map="G474RE_Main.map" -Wl,--gc-sections -static -L"/home/chris/DSP_GuitarPedal/G474_CppUTest/Debug" -L"/home/chris/DSP_GuitarPedal/G474_RTT/Debug" --specs=nano.specs -mfpu=fpv4-sp-d16 -mfloat-abi=hard -mthumb -Wl,--start-group -lc -lm -lstdc++ -lsupc++ -Wl,--end-group
Finished building target: G474RE_Main.elf
 
arm-none-eabi-objdump -h -S  G474RE_Main.elf  > "G474RE_Main.list"
arm-none-eabi-objcopy  -O binary  G474RE_Main.elf  "G474RE_Main.bin"
arm-none-eabi-size   G474RE_Main.elf 
   text	   data	    bss	    dec	    hex	filename
 267052	   1288	  10912	 279252	  442d4	G474RE_Main.elf
Finished building: default.size.stdout
 
Finished building: G474RE_Main.bin
 
Finished building: G474RE_Main.list
 
23:14:59 **** Incremental Build of configuration Debug for project G474_CppUTest ****
make -j4 all 
make: Nothing to be done for 'all'.
23:14:59 **** Incremental Build of configuration Debug for project G474_RTT ****
make -j4 all 
make: Nothing to be done for 'all'.
23:15:04 **** Incremental Build of configuration Debug for project G474RE_Main ****
make -j4 all 
arm-none-eabi-size   G474RE_Main.elf 
   text	   data	    bss	    dec	    hex	filename
 267052	   1288	  10912	 279252	  442d4	G474RE_Main.elf
Finished building: default.size.stdout
 
23:15:21 **** Incremental Build of configuration Debug for project G474RE_Main ****
make -j4 all 
arm-none-eabi-g++ "../CppUTests/cpputests_dsp_buffer.cpp" -mcpu=cortex-m4 -std=gnu++14 -g3 -DUSE_HAL_DRIVER -DSTM32G474xx -DDEBUG -c -I../Core/Inc -I"/home/chris/DSP_GuitarPedal/G474_CppUTest/Inc" -I../Drivers/STM32G4xx_HAL_Driver/Inc -I../Drivers/STM32G4xx_HAL_Driver/Inc/Legacy -I../Drivers/CMSIS/Device/ST/STM32G4xx/Include -I../Drivers/CMSIS/Include -I"/home/chris/DSP_GuitarPedal/G474RE_Main/CppUTests" -I"/home/chris/DSP_GuitarPedal/G474RE_Main/Application" -I"/home/chris/DSP_GuitarPedal/G474_RTT/RTT" -O0 -ffunction-sections -fdata-sections -fno-exceptions -fno-rtti -fno-use-cxa-atexit -Wall -fstack-usage -MMD -MP -MF"CppUTests/cpputests_dsp_buffer.d" -MT"CppUTests/cpputests_dsp_buffer.o" --specs=nano.specs -mfpu=fpv4-sp-d16 -mfloat-abi=hard -mthumb -o "CppUTests/cpputests_dsp_buffer.o"
arm-none-eabi-g++ "../Application/appmain.cpp" -mcpu=cortex-m4 -std=gnu++14 -g3 -DUSE_HAL_DRIVER -DSTM32G474xx -DDEBUG -c -I../Core/Inc -I"/home/chris/DSP_GuitarPedal/G474_CppUTest/Inc" -I../Drivers/STM32G4xx_HAL_Driver/Inc -I../Drivers/STM32G4xx_HAL_Driver/Inc/Legacy -I../Drivers/CMSIS/Device/ST/STM32G4xx/Include -I../Drivers/CMSIS/Include -I"/home/chris/DSP_GuitarPedal/G474RE_Main/CppUTests" -I"/home/chris/DSP_GuitarPedal/G474RE_Main/Application" -I"/home/chris/DSP_GuitarPedal/G474_RTT/RTT" -O0 -ffunction-sections -fdata-sections -fno-exceptions -fno-rtti -fno-use-cxa-atexit -Wall -fstack-usage -MMD -MP -MF"Application/appmain.d" -MT"Application/appmain.o" --specs=nano.specs -mfpu=fpv4-sp-d16 -mfloat-abi=hard -mthumb -o "Application/appmain.o"
arm-none-eabi-g++ -o "G474RE_Main.elf" @"objects.list"  -lG474_CppUTest -lG474_RTT -mcpu=cortex-m4 -T"/home/chris/DSP_GuitarPedal/G474RE_Main/STM32G474RETX_FLASH.ld" --specs=nosys.specs -Wl,-Map="G474RE_Main.map" -Wl,--gc-sections -static -L"/home/chris/DSP_GuitarPedal/G474_CppUTest/Debug" -L"/home/chris/DSP_GuitarPedal/G474_RTT/Debug" --specs=nano.specs -mfpu=fpv4-sp-d16 -mfloat-abi=hard -mthumb -Wl,--start-group -lc -lm -lstdc++ -lsupc++ -Wl,--end-group
Finished building target: G474RE_Main.elf
 
arm-none-eabi-objdump -h -S  G474RE_Main.elf  > "G474RE_Main.list"
arm-none-eabi-objcopy  -O binary  G474RE_Main.elf  "G474RE_Main.bin"
arm-none-eabi-size   G474RE_Main.elf 
   text	   data	    bss	    dec	    hex	filename
 267052	   1288	  10912	 279252	  442d4	G474RE_Main.elf
Finished building: default.size.stdout
 
Finished building: G474RE_Main.bin
 
Finished building: G474RE_Main.list
 
23:15:26 **** Incremental Build of configuration Debug for project G474_CppUTest ****
make -j4 all 
make: Nothing to be done for 'all'.
23:15:26 **** Incremental Build of configuration Debug for project G474_RTT ****
make -j4 all 
make: Nothing to be done for 'all'.
23:15:31 **** Incremental Build of configuration Debug for project G474RE_Main ****
make -j4 all 
arm-none-eabi-size   G474RE_Main.elf 
   text	   data	    bss	    dec	    hex	filename
 267052	   1288	  10912	 279252	  442d4	G474RE_Main.elf
Finished building: default.size.stdout
 
23:16:11 **** Incremental Build of configuration Debug for project G474RE_Main ****
make -j4 all 
arm-none-eabi-size   G474RE_Main.elf 
   text	   data	    bss	    dec	    hex	filename
 267052	   1288	  10912	 279252	  442d4	G474RE_Main.elf
Finished building: default.size.stdout
 
23:20:57 **** Incremental Build of configuration Debug for project G474RE_Main ****
make -j4 all 
arm-none-eabi-g++ "../CppUTests/cpputests_dsp_buffer.cpp" -mcpu=cortex-m4 -std=gnu++14 -g3 -DUSE_HAL_DRIVER -DSTM32G474xx -DDEBUG -c -I../Core/Inc -I"/home/chris/DSP_GuitarPedal/G474_CppUTest/Inc" -I../Drivers/STM32G4xx_HAL_Driver/Inc -I../Drivers/STM32G4xx_HAL_Driver/Inc/Legacy -I../Drivers/CMSIS/Device/ST/STM32G4xx/Include -I../Drivers/CMSIS/Include -I"/home/chris/DSP_GuitarPedal/G474RE_Main/CppUTests" -I"/home/chris/DSP_GuitarPedal/G474RE_Main/Application" -I"/home/chris/DSP_GuitarPedal/G474_RTT/RTT" -O0 -ffunction-sections -fdata-sections -fno-exceptions -fno-rtti -fno-use-cxa-atexit -Wall -fstack-usage -MMD -MP -MF"CppUTests/cpputests_dsp_buffer.d" -MT"CppUTests/cpputests_dsp_buffer.o" --specs=nano.specs -mfpu=fpv4-sp-d16 -mfloat-abi=hard -mthumb -o "CppUTests/cpputests_dsp_buffer.o"
../CppUTests/cpputests_dsp_buffer.cpp: In member function 'virtual void TEST_DspBufferGroup_DspBuffer_Allign8BitRight_Test::testBody()':
../CppUTests/cpputests_dsp_buffer.cpp:175:35: error: expected ']' before ')' token
   if( sine_lut[test_sine_lut_index) != left_sample)
                                   ^
../CppUTests/cpputests_dsp_buffer.cpp:175:37: error: expected primary-expression before '!=' token
   if( sine_lut[test_sine_lut_index) != left_sample)
                                     ^~
../CppUTests/cpputests_dsp_buffer.cpp:145:7: warning: unused variable 'result' [-Wunused-variable]
  bool result = true;
       ^~~~~~
make: *** [CppUTests/subdir.mk:21: CppUTests/cpputests_dsp_buffer.o] Error 1
"make -j4 all" terminated with exit code 2. Build might be incomplete.
23:20:58 **** Incremental Build of configuration Debug for project G474_CppUTest ****
make -j4 all 
make: Nothing to be done for 'all'.
23:20:58 **** Incremental Build of configuration Debug for project G474_RTT ****
make -j4 all 
make: Nothing to be done for 'all'.
23:21:07 **** Incremental Build of configuration Debug for project G474RE_Main ****
make -j4 all 
arm-none-eabi-g++ "../CppUTests/cpputests_dsp_buffer.cpp" -mcpu=cortex-m4 -std=gnu++14 -g3 -DUSE_HAL_DRIVER -DSTM32G474xx -DDEBUG -c -I../Core/Inc -I"/home/chris/DSP_GuitarPedal/G474_CppUTest/Inc" -I../Drivers/STM32G4xx_HAL_Driver/Inc -I../Drivers/STM32G4xx_HAL_Driver/Inc/Legacy -I../Drivers/CMSIS/Device/ST/STM32G4xx/Include -I../Drivers/CMSIS/Include -I"/home/chris/DSP_GuitarPedal/G474RE_Main/CppUTests" -I"/home/chris/DSP_GuitarPedal/G474RE_Main/Application" -I"/home/chris/DSP_GuitarPedal/G474_RTT/RTT" -O0 -ffunction-sections -fdata-sections -fno-exceptions -fno-rtti -fno-use-cxa-atexit -Wall -fstack-usage -MMD -MP -MF"CppUTests/cpputests_dsp_buffer.d" -MT"CppUTests/cpputests_dsp_buffer.o" --specs=nano.specs -mfpu=fpv4-sp-d16 -mfloat-abi=hard -mthumb -o "CppUTests/cpputests_dsp_buffer.o"
../CppUTests/cpputests_dsp_buffer.cpp: In member function 'virtual void TEST_DspBufferGroup_DspBuffer_Allign8BitRight_Test::testBody()':
../CppUTests/cpputests_dsp_buffer.cpp:145:7: warning: variable 'result' set but not used [-Wunused-but-set-variable]
  bool result = true;
       ^~~~~~
arm-none-eabi-g++ -o "G474RE_Main.elf" @"objects.list"  -lG474_CppUTest -lG474_RTT -mcpu=cortex-m4 -T"/home/chris/DSP_GuitarPedal/G474RE_Main/STM32G474RETX_FLASH.ld" --specs=nosys.specs -Wl,-Map="G474RE_Main.map" -Wl,--gc-sections -static -L"/home/chris/DSP_GuitarPedal/G474_CppUTest/Debug" -L"/home/chris/DSP_GuitarPedal/G474_RTT/Debug" --specs=nano.specs -mfpu=fpv4-sp-d16 -mfloat-abi=hard -mthumb -Wl,--start-group -lc -lm -lstdc++ -lsupc++ -Wl,--end-group
Finished building target: G474RE_Main.elf
 
arm-none-eabi-objdump -h -S  G474RE_Main.elf  > "G474RE_Main.list"
arm-none-eabi-objcopy  -O binary  G474RE_Main.elf  "G474RE_Main.bin"
arm-none-eabi-size   G474RE_Main.elf 
   text	   data	    bss	    dec	    hex	filename
 266916	   1288	  10912	 279116	  4424c	G474RE_Main.elf
Finished building: default.size.stdout
 
Finished building: G474RE_Main.bin
 
Finished building: G474RE_Main.list
 
23:21:11 **** Incremental Build of configuration Debug for project G474_CppUTest ****
make -j4 all 
make: Nothing to be done for 'all'.
23:21:11 **** Incremental Build of configuration Debug for project G474_RTT ****
make -j4 all 
make: Nothing to be done for 'all'.
23:21:44 **** Incremental Build of configuration Debug for project G474RE_Main ****
make -j4 all 
arm-none-eabi-g++ "../CppUTests/cpputests_dsp_buffer.cpp" -mcpu=cortex-m4 -std=gnu++14 -g3 -DUSE_HAL_DRIVER -DSTM32G474xx -DDEBUG -c -I../Core/Inc -I"/home/chris/DSP_GuitarPedal/G474_CppUTest/Inc" -I../Drivers/STM32G4xx_HAL_Driver/Inc -I../Drivers/STM32G4xx_HAL_Driver/Inc/Legacy -I../Drivers/CMSIS/Device/ST/STM32G4xx/Include -I../Drivers/CMSIS/Include -I"/home/chris/DSP_GuitarPedal/G474RE_Main/CppUTests" -I"/home/chris/DSP_GuitarPedal/G474RE_Main/Application" -I"/home/chris/DSP_GuitarPedal/G474_RTT/RTT" -O0 -ffunction-sections -fdata-sections -fno-exceptions -fno-rtti -fno-use-cxa-atexit -Wall -fstack-usage -MMD -MP -MF"CppUTests/cpputests_dsp_buffer.d" -MT"CppUTests/cpputests_dsp_buffer.o" --specs=nano.specs -mfpu=fpv4-sp-d16 -mfloat-abi=hard -mthumb -o "CppUTests/cpputests_dsp_buffer.o"
arm-none-eabi-g++ -o "G474RE_Main.elf" @"objects.list"  -lG474_CppUTest -lG474_RTT -mcpu=cortex-m4 -T"/home/chris/DSP_GuitarPedal/G474RE_Main/STM32G474RETX_FLASH.ld" --specs=nosys.specs -Wl,-Map="G474RE_Main.map" -Wl,--gc-sections -static -L"/home/chris/DSP_GuitarPedal/G474_CppUTest/Debug" -L"/home/chris/DSP_GuitarPedal/G474_RTT/Debug" --specs=nano.specs -mfpu=fpv4-sp-d16 -mfloat-abi=hard -mthumb -Wl,--start-group -lc -lm -lstdc++ -lsupc++ -Wl,--end-group
Finished building target: G474RE_Main.elf
 
arm-none-eabi-objdump -h -S  G474RE_Main.elf  > "G474RE_Main.list"
arm-none-eabi-objcopy  -O binary  G474RE_Main.elf  "G474RE_Main.bin"
arm-none-eabi-size   G474RE_Main.elf 
   text	   data	    bss	    dec	    hex	filename
 266996	   1288	  10912	 279196	  4429c	G474RE_Main.elf
Finished building: default.size.stdout
 
Finished building: G474RE_Main.bin
 
Finished building: G474RE_Main.list
 
23:25:57 **** Incremental Build of configuration Debug for project G474RE_Main ****
make -j4 all 
arm-none-eabi-g++ "../CppUTests/cpputests_dsp_buffer.cpp" -mcpu=cortex-m4 -std=gnu++14 -g3 -DUSE_HAL_DRIVER -DSTM32G474xx -DDEBUG -c -I../Core/Inc -I"/home/chris/DSP_GuitarPedal/G474_CppUTest/Inc" -I../Drivers/STM32G4xx_HAL_Driver/Inc -I../Drivers/STM32G4xx_HAL_Driver/Inc/Legacy -I../Drivers/CMSIS/Device/ST/STM32G4xx/Include -I../Drivers/CMSIS/Include -I"/home/chris/DSP_GuitarPedal/G474RE_Main/CppUTests" -I"/home/chris/DSP_GuitarPedal/G474RE_Main/Application" -I"/home/chris/DSP_GuitarPedal/G474_RTT/RTT" -O0 -ffunction-sections -fdata-sections -fno-exceptions -fno-rtti -fno-use-cxa-atexit -Wall -fstack-usage -MMD -MP -MF"CppUTests/cpputests_dsp_buffer.d" -MT"CppUTests/cpputests_dsp_buffer.o" --specs=nano.specs -mfpu=fpv4-sp-d16 -mfloat-abi=hard -mthumb -o "CppUTests/cpputests_dsp_buffer.o"
arm-none-eabi-g++ "../Application/appmain.cpp" -mcpu=cortex-m4 -std=gnu++14 -g3 -DUSE_HAL_DRIVER -DSTM32G474xx -DDEBUG -c -I../Core/Inc -I"/home/chris/DSP_GuitarPedal/G474_CppUTest/Inc" -I../Drivers/STM32G4xx_HAL_Driver/Inc -I../Drivers/STM32G4xx_HAL_Driver/Inc/Legacy -I../Drivers/CMSIS/Device/ST/STM32G4xx/Include -I../Drivers/CMSIS/Include -I"/home/chris/DSP_GuitarPedal/G474RE_Main/CppUTests" -I"/home/chris/DSP_GuitarPedal/G474RE_Main/Application" -I"/home/chris/DSP_GuitarPedal/G474_RTT/RTT" -O0 -ffunction-sections -fdata-sections -fno-exceptions -fno-rtti -fno-use-cxa-atexit -Wall -fstack-usage -MMD -MP -MF"Application/appmain.d" -MT"Application/appmain.o" --specs=nano.specs -mfpu=fpv4-sp-d16 -mfloat-abi=hard -mthumb -o "Application/appmain.o"
../CppUTests/cpputests_dsp_buffer.cpp: In member function 'virtual void TEST_DspBufferGroup_DspBuffer_Allign8BitRight_Test::testBody()':
../CppUTests/cpputests_dsp_buffer.cpp:170:15: error: 'class dsp_double_buffer<short unsigned int, 8>' has no member named 'getRx24BitSample'; did you mean 'setRx24BitSample'?
   test_dspbuf.getRx24BitSample(  &left_sample,
               ^~~~~~~~~~~~~~~~
               setRx24BitSample
make: *** [CppUTests/subdir.mk:21: CppUTests/cpputests_dsp_buffer.o] Error 1
make: *** Waiting for unfinished jobs....
../Application/appmain.cpp: In function 'void HAL_TIM_PeriodElapsedCallback(TIM_HandleTypeDef*)':
../Application/appmain.cpp:110:30: error: 'sine_lut' was not declared in this scope
   sine_lut_index = count & ( sine_lut.size() - 1 );
                              ^~~~~~~~
../Application/appmain.cpp:110:30: note: suggested alternative: 'size_t'
   sine_lut_index = count & ( sine_lut.size() - 1 );
                              ^~~~~~~~
                              size_t
../Application/appmain.cpp:119:10: error: 'class dsp_double_buffer<short unsigned int, 8>' has no member named 'getRx24BitSample'; did you mean 'setRx24BitSample'?
   dspbuf.getRx24BitSample(  &left_sample,
          ^~~~~~~~~~~~~~~~
          setRx24BitSample
make: *** [Application/subdir.mk:25: Application/appmain.o] Error 1
"make -j4 all" terminated with exit code 2. Build might be incomplete.
23:25:58 **** Incremental Build of configuration Debug for project G474_CppUTest ****
make -j4 all 
make: Nothing to be done for 'all'.
23:25:58 **** Incremental Build of configuration Debug for project G474_RTT ****
make -j4 all 
make: Nothing to be done for 'all'.
23:26:11 **** Incremental Build of configuration Debug for project G474RE_Main ****
make -j4 all 
arm-none-eabi-g++ "../CppUTests/cpputests_dsp_buffer.cpp" -mcpu=cortex-m4 -std=gnu++14 -g3 -DUSE_HAL_DRIVER -DSTM32G474xx -DDEBUG -c -I../Core/Inc -I"/home/chris/DSP_GuitarPedal/G474_CppUTest/Inc" -I../Drivers/STM32G4xx_HAL_Driver/Inc -I../Drivers/STM32G4xx_HAL_Driver/Inc/Legacy -I../Drivers/CMSIS/Device/ST/STM32G4xx/Include -I../Drivers/CMSIS/Include -I"/home/chris/DSP_GuitarPedal/G474RE_Main/CppUTests" -I"/home/chris/DSP_GuitarPedal/G474RE_Main/Application" -I"/home/chris/DSP_GuitarPedal/G474_RTT/RTT" -O0 -ffunction-sections -fdata-sections -fno-exceptions -fno-rtti -fno-use-cxa-atexit -Wall -fstack-usage -MMD -MP -MF"CppUTests/cpputests_dsp_buffer.d" -MT"CppUTests/cpputests_dsp_buffer.o" --specs=nano.specs -mfpu=fpv4-sp-d16 -mfloat-abi=hard -mthumb -o "CppUTests/cpputests_dsp_buffer.o"
arm-none-eabi-g++ "../Application/appmain.cpp" -mcpu=cortex-m4 -std=gnu++14 -g3 -DUSE_HAL_DRIVER -DSTM32G474xx -DDEBUG -c -I../Core/Inc -I"/home/chris/DSP_GuitarPedal/G474_CppUTest/Inc" -I../Drivers/STM32G4xx_HAL_Driver/Inc -I../Drivers/STM32G4xx_HAL_Driver/Inc/Legacy -I../Drivers/CMSIS/Device/ST/STM32G4xx/Include -I../Drivers/CMSIS/Include -I"/home/chris/DSP_GuitarPedal/G474RE_Main/CppUTests" -I"/home/chris/DSP_GuitarPedal/G474RE_Main/Application" -I"/home/chris/DSP_GuitarPedal/G474_RTT/RTT" -O0 -ffunction-sections -fdata-sections -fno-exceptions -fno-rtti -fno-use-cxa-atexit -Wall -fstack-usage -MMD -MP -MF"Application/appmain.d" -MT"Application/appmain.o" --specs=nano.specs -mfpu=fpv4-sp-d16 -mfloat-abi=hard -mthumb -o "Application/appmain.o"
../CppUTests/cpputests_dsp_buffer.cpp: In member function 'virtual void TEST_DspBufferGroup_DspBuffer_Allign8BitRight_Test::testBody()':
../CppUTests/cpputests_dsp_buffer.cpp:170:15: error: 'class dsp_double_buffer<short unsigned int, 8>' has no member named 'getRx24BitSample'; did you mean 'setRx24BitSample'?
   test_dspbuf.getRx24BitSample(  &left_sample,
               ^~~~~~~~~~~~~~~~
               setRx24BitSample
make: *** [CppUTests/subdir.mk:21: CppUTests/cpputests_dsp_buffer.o] Error 1
make: *** Waiting for unfinished jobs....
../Application/appmain.cpp: In function 'void HAL_TIM_PeriodElapsedCallback(TIM_HandleTypeDef*)':
../Application/appmain.cpp:110:30: error: 'sine_lut' was not declared in this scope
   sine_lut_index = count & ( sine_lut.size() - 1 );
                              ^~~~~~~~
../Application/appmain.cpp:110:30: note: suggested alternative: 'size_t'
   sine_lut_index = count & ( sine_lut.size() - 1 );
                              ^~~~~~~~
                              size_t
../Application/appmain.cpp:119:10: error: 'class dsp_double_buffer<short unsigned int, 8>' has no member named 'getRx24BitSample'; did you mean 'setRx24BitSample'?
   dspbuf.getRx24BitSample(  &left_sample,
          ^~~~~~~~~~~~~~~~
          setRx24BitSample
../Application/appmain.cpp:135:2: error: expected primary-expression before '/' token
 */
  ^
../Application/appmain.cpp:137:2: error: expected primary-expression before '}' token
  }
  ^
make: *** [Application/subdir.mk:25: Application/appmain.o] Error 1
"make -j4 all" terminated with exit code 2. Build might be incomplete.
23:26:11 **** Incremental Build of configuration Debug for project G474_CppUTest ****
make -j4 all 
make: Nothing to be done for 'all'.
23:26:12 **** Incremental Build of configuration Debug for project G474_RTT ****
make -j4 all 
make: Nothing to be done for 'all'.
23:26:23 **** Incremental Build of configuration Debug for project G474RE_Main ****
make -j4 all 
arm-none-eabi-g++ "../CppUTests/cpputests_dsp_buffer.cpp" -mcpu=cortex-m4 -std=gnu++14 -g3 -DUSE_HAL_DRIVER -DSTM32G474xx -DDEBUG -c -I../Core/Inc -I"/home/chris/DSP_GuitarPedal/G474_CppUTest/Inc" -I../Drivers/STM32G4xx_HAL_Driver/Inc -I../Drivers/STM32G4xx_HAL_Driver/Inc/Legacy -I../Drivers/CMSIS/Device/ST/STM32G4xx/Include -I../Drivers/CMSIS/Include -I"/home/chris/DSP_GuitarPedal/G474RE_Main/CppUTests" -I"/home/chris/DSP_GuitarPedal/G474RE_Main/Application" -I"/home/chris/DSP_GuitarPedal/G474_RTT/RTT" -O0 -ffunction-sections -fdata-sections -fno-exceptions -fno-rtti -fno-use-cxa-atexit -Wall -fstack-usage -MMD -MP -MF"CppUTests/cpputests_dsp_buffer.d" -MT"CppUTests/cpputests_dsp_buffer.o" --specs=nano.specs -mfpu=fpv4-sp-d16 -mfloat-abi=hard -mthumb -o "CppUTests/cpputests_dsp_buffer.o"
arm-none-eabi-g++ "../Application/appmain.cpp" -mcpu=cortex-m4 -std=gnu++14 -g3 -DUSE_HAL_DRIVER -DSTM32G474xx -DDEBUG -c -I../Core/Inc -I"/home/chris/DSP_GuitarPedal/G474_CppUTest/Inc" -I../Drivers/STM32G4xx_HAL_Driver/Inc -I../Drivers/STM32G4xx_HAL_Driver/Inc/Legacy -I../Drivers/CMSIS/Device/ST/STM32G4xx/Include -I../Drivers/CMSIS/Include -I"/home/chris/DSP_GuitarPedal/G474RE_Main/CppUTests" -I"/home/chris/DSP_GuitarPedal/G474RE_Main/Application" -I"/home/chris/DSP_GuitarPedal/G474_RTT/RTT" -O0 -ffunction-sections -fdata-sections -fno-exceptions -fno-rtti -fno-use-cxa-atexit -Wall -fstack-usage -MMD -MP -MF"Application/appmain.d" -MT"Application/appmain.o" --specs=nano.specs -mfpu=fpv4-sp-d16 -mfloat-abi=hard -mthumb -o "Application/appmain.o"
../CppUTests/cpputests_dsp_buffer.cpp: In member function 'virtual void TEST_DspBufferGroup_DspBuffer_Allign8BitRight_Test::testBody()':
../CppUTests/cpputests_dsp_buffer.cpp:170:15: error: 'class dsp_double_buffer<short unsigned int, 8>' has no member named 'getRx24BitSample'; did you mean 'setRx24BitSample'?
   test_dspbuf.getRx24BitSample(  &left_sample,
               ^~~~~~~~~~~~~~~~
               setRx24BitSample
make: *** [CppUTests/subdir.mk:21: CppUTests/cpputests_dsp_buffer.o] Error 1
make: *** Waiting for unfinished jobs....
../Application/appmain.cpp: In function 'void HAL_TIM_PeriodElapsedCallback(TIM_HandleTypeDef*)':
../Application/appmain.cpp:110:30: error: 'sine_lut' was not declared in this scope
   sine_lut_index = count & ( sine_lut.size() - 1 );
                              ^~~~~~~~
../Application/appmain.cpp:110:30: note: suggested alternative: 'size_t'
   sine_lut_index = count & ( sine_lut.size() - 1 );
                              ^~~~~~~~
                              size_t
../Application/appmain.cpp:119:10: error: 'class dsp_double_buffer<short unsigned int, 8>' has no member named 'getRx24BitSample'; did you mean 'setRx24BitSample'?
   dspbuf.getRx24BitSample(  &left_sample,
          ^~~~~~~~~~~~~~~~
          setRx24BitSample
make: *** [Application/subdir.mk:25: Application/appmain.o] Error 1
"make -j4 all" terminated with exit code 2. Build might be incomplete.
23:26:24 **** Incremental Build of configuration Debug for project G474_CppUTest ****
make -j4 all 
make: Nothing to be done for 'all'.
23:26:24 **** Incremental Build of configuration Debug for project G474_RTT ****
make -j4 all 
make: Nothing to be done for 'all'.
23:26:50 **** Incremental Build of configuration Debug for project G474RE_Main ****
make -j4 all 
arm-none-eabi-g++ "../CppUTests/cpputests_dsp_buffer.cpp" -mcpu=cortex-m4 -std=gnu++14 -g3 -DUSE_HAL_DRIVER -DSTM32G474xx -DDEBUG -c -I../Core/Inc -I"/home/chris/DSP_GuitarPedal/G474_CppUTest/Inc" -I../Drivers/STM32G4xx_HAL_Driver/Inc -I../Drivers/STM32G4xx_HAL_Driver/Inc/Legacy -I../Drivers/CMSIS/Device/ST/STM32G4xx/Include -I../Drivers/CMSIS/Include -I"/home/chris/DSP_GuitarPedal/G474RE_Main/CppUTests" -I"/home/chris/DSP_GuitarPedal/G474RE_Main/Application" -I"/home/chris/DSP_GuitarPedal/G474_RTT/RTT" -O0 -ffunction-sections -fdata-sections -fno-exceptions -fno-rtti -fno-use-cxa-atexit -Wall -fstack-usage -MMD -MP -MF"CppUTests/cpputests_dsp_buffer.d" -MT"CppUTests/cpputests_dsp_buffer.o" --specs=nano.specs -mfpu=fpv4-sp-d16 -mfloat-abi=hard -mthumb -o "CppUTests/cpputests_dsp_buffer.o"
arm-none-eabi-g++ "../Application/appmain.cpp" -mcpu=cortex-m4 -std=gnu++14 -g3 -DUSE_HAL_DRIVER -DSTM32G474xx -DDEBUG -c -I../Core/Inc -I"/home/chris/DSP_GuitarPedal/G474_CppUTest/Inc" -I../Drivers/STM32G4xx_HAL_Driver/Inc -I../Drivers/STM32G4xx_HAL_Driver/Inc/Legacy -I../Drivers/CMSIS/Device/ST/STM32G4xx/Include -I../Drivers/CMSIS/Include -I"/home/chris/DSP_GuitarPedal/G474RE_Main/CppUTests" -I"/home/chris/DSP_GuitarPedal/G474RE_Main/Application" -I"/home/chris/DSP_GuitarPedal/G474_RTT/RTT" -O0 -ffunction-sections -fdata-sections -fno-exceptions -fno-rtti -fno-use-cxa-atexit -Wall -fstack-usage -MMD -MP -MF"Application/appmain.d" -MT"Application/appmain.o" --specs=nano.specs -mfpu=fpv4-sp-d16 -mfloat-abi=hard -mthumb -o "Application/appmain.o"
../Application/appmain.cpp: In function 'void HAL_TIM_PeriodElapsedCallback(TIM_HandleTypeDef*)':
../Application/appmain.cpp:110:30: error: 'sine_lut' was not declared in this scope
   sine_lut_index = count & ( sine_lut.size() - 1 );
                              ^~~~~~~~
../Application/appmain.cpp:110:30: note: suggested alternative: 'size_t'
   sine_lut_index = count & ( sine_lut.size() - 1 );
                              ^~~~~~~~
                              size_t
make: *** [Application/subdir.mk:25: Application/appmain.o] Error 1
make: *** Waiting for unfinished jobs....
"make -j4 all" terminated with exit code 2. Build might be incomplete.
23:26:51 **** Incremental Build of configuration Debug for project G474_CppUTest ****
make -j4 all 
make: Nothing to be done for 'all'.
23:26:52 **** Incremental Build of configuration Debug for project G474_RTT ****
make -j4 all 
make: Nothing to be done for 'all'.
23:27:44 **** Incremental Build of configuration Debug for project G474RE_Main ****
make -j4 all 
arm-none-eabi-g++ "../Application/appmain.cpp" -mcpu=cortex-m4 -std=gnu++14 -g3 -DUSE_HAL_DRIVER -DSTM32G474xx -DDEBUG -c -I../Core/Inc -I"/home/chris/DSP_GuitarPedal/G474_CppUTest/Inc" -I../Drivers/STM32G4xx_HAL_Driver/Inc -I../Drivers/STM32G4xx_HAL_Driver/Inc/Legacy -I../Drivers/CMSIS/Device/ST/STM32G4xx/Include -I../Drivers/CMSIS/Include -I"/home/chris/DSP_GuitarPedal/G474RE_Main/CppUTests" -I"/home/chris/DSP_GuitarPedal/G474RE_Main/Application" -I"/home/chris/DSP_GuitarPedal/G474_RTT/RTT" -O0 -ffunction-sections -fdata-sections -fno-exceptions -fno-rtti -fno-use-cxa-atexit -Wall -fstack-usage -MMD -MP -MF"Application/appmain.d" -MT"Application/appmain.o" --specs=nano.specs -mfpu=fpv4-sp-d16 -mfloat-abi=hard -mthumb -o "Application/appmain.o"
arm-none-eabi-g++ -o "G474RE_Main.elf" @"objects.list"  -lG474_CppUTest -lG474_RTT -mcpu=cortex-m4 -T"/home/chris/DSP_GuitarPedal/G474RE_Main/STM32G474RETX_FLASH.ld" --specs=nosys.specs -Wl,-Map="G474RE_Main.map" -Wl,--gc-sections -static -L"/home/chris/DSP_GuitarPedal/G474_CppUTest/Debug" -L"/home/chris/DSP_GuitarPedal/G474_RTT/Debug" --specs=nano.specs -mfpu=fpv4-sp-d16 -mfloat-abi=hard -mthumb -Wl,--start-group -lc -lm -lstdc++ -lsupc++ -Wl,--end-group
CppUTests/cpputests_dsp_buffer.o:/home/chris/DSP_GuitarPedal/G474RE_Main/Application/sine_lookup_table.hpp:34: multiple definition of `sine_lut'
Application/appmain.o:/home/chris/DSP_GuitarPedal/G474RE_Main/Debug/../Application/sine_lookup_table.hpp:34: first defined here
CppUTests/cpputests_dsp_buffer.o:/home/chris/DSP_GuitarPedal/G474RE_Main/Application/sine_lookup_table.hpp:46: multiple definition of `sine_lut_24b_left'
Application/appmain.o:/home/chris/DSP_GuitarPedal/G474RE_Main/Debug/../Application/sine_lookup_table.hpp:46: first defined here
collect2: error: ld returned 1 exit status
make: *** [makefile:75: G474RE_Main.elf] Error 1
"make -j4 all" terminated with exit code 2. Build might be incomplete.
23:27:45 **** Incremental Build of configuration Debug for project G474_CppUTest ****
make -j4 all 
make: Nothing to be done for 'all'.
23:27:45 **** Incremental Build of configuration Debug for project G474_RTT ****
make -j4 all 
make: Nothing to be done for 'all'.
23:31:38 **** Incremental Build of configuration Debug for project G474RE_Main ****
make -j4 all 
arm-none-eabi-g++ "../CppUTests/cpputests_dsp_buffer.cpp" -mcpu=cortex-m4 -std=gnu++14 -g3 -DUSE_HAL_DRIVER -DSTM32G474xx -DDEBUG -c -I../Core/Inc -I"/home/chris/DSP_GuitarPedal/G474_CppUTest/Inc" -I../Drivers/STM32G4xx_HAL_Driver/Inc -I../Drivers/STM32G4xx_HAL_Driver/Inc/Legacy -I../Drivers/CMSIS/Device/ST/STM32G4xx/Include -I../Drivers/CMSIS/Include -I"/home/chris/DSP_GuitarPedal/G474RE_Main/CppUTests" -I"/home/chris/DSP_GuitarPedal/G474RE_Main/Application" -I"/home/chris/DSP_GuitarPedal/G474_RTT/RTT" -O0 -ffunction-sections -fdata-sections -fno-exceptions -fno-rtti -fno-use-cxa-atexit -Wall -fstack-usage -MMD -MP -MF"CppUTests/cpputests_dsp_buffer.d" -MT"CppUTests/cpputests_dsp_buffer.o" --specs=nano.specs -mfpu=fpv4-sp-d16 -mfloat-abi=hard -mthumb -o "CppUTests/cpputests_dsp_buffer.o"
arm-none-eabi-g++ "../Application/appmain.cpp" -mcpu=cortex-m4 -std=gnu++14 -g3 -DUSE_HAL_DRIVER -DSTM32G474xx -DDEBUG -c -I../Core/Inc -I"/home/chris/DSP_GuitarPedal/G474_CppUTest/Inc" -I../Drivers/STM32G4xx_HAL_Driver/Inc -I../Drivers/STM32G4xx_HAL_Driver/Inc/Legacy -I../Drivers/CMSIS/Device/ST/STM32G4xx/Include -I../Drivers/CMSIS/Include -I"/home/chris/DSP_GuitarPedal/G474RE_Main/CppUTests" -I"/home/chris/DSP_GuitarPedal/G474RE_Main/Application" -I"/home/chris/DSP_GuitarPedal/G474_RTT/RTT" -O0 -ffunction-sections -fdata-sections -fno-exceptions -fno-rtti -fno-use-cxa-atexit -Wall -fstack-usage -MMD -MP -MF"Application/appmain.d" -MT"Application/appmain.o" --specs=nano.specs -mfpu=fpv4-sp-d16 -mfloat-abi=hard -mthumb -o "Application/appmain.o"
In file included from ../Application/appmain.cpp:33:0:
../Application/sine_lookup_table.hpp:34:1: error: 'td' does not name a type; did you mean 'tm'?
 td::array<int, 64> sine_lut
 ^~
 tm
In file included from /opt/st/stm32cubeide_1.5.1/plugins/com.st.stm32cube.ide.mcu.externaltools.gnu-tools-for-stm32.7-2018-q2-update.linux64_1.5.0.202011040924/tools/arm-none-eabi/include/c++/7.3.1/memory:65:0,
                 from ../Application/appmain.cpp:37:
/opt/st/stm32cubeide_1.5.1/plugins/com.st.stm32cube.ide.mcu.externaltools.gnu-tools-for-stm32.7-2018-q2-update.linux64_1.5.0.202011040924/tools/arm-none-eabi/include/c++/7.3.1/bits/stl_uninitialized.h: In static member function 'static _ForwardIterator std::__uninitialized_copy<_TrivialValueTypes>::__uninit_copy(_InputIterator, _InputIterator, _ForwardIterator)':
/opt/st/stm32cubeide_1.5.1/plugins/com.st.stm32cube.ide.mcu.externaltools.gnu-tools-for-stm32.7-2018-q2-update.linux64_1.5.0.202011040924/tools/arm-none-eabi/include/c++/7.3.1/bits/stl_uninitialized.h:83:8: error: '_Construct' is not a member of 'std'
   std::_Construct(std::__addressof(*__cur), *__first);
        ^~~~~~~~~~
/opt/st/stm32cubeide_1.5.1/plugins/com.st.stm32cube.ide.mcu.externaltools.gnu-tools-for-stm32.7-2018-q2-update.linux64_1.5.0.202011040924/tools/arm-none-eabi/include/c++/7.3.1/bits/stl_uninitialized.h:88:13: error: '_Destroy' is not a member of 'std'
        std::_Destroy(__result, __cur);
             ^~~~~~~~
/opt/st/stm32cubeide_1.5.1/plugins/com.st.stm32cube.ide.mcu.externaltools.gnu-tools-for-stm32.7-2018-q2-update.linux64_1.5.0.202011040924/tools/arm-none-eabi/include/c++/7.3.1/bits/stl_uninitialized.h: In static member function 'static void std::__uninitialized_fill<_TrivialValueType>::__uninit_fill(_ForwardIterator, _ForwardIterator, const _Tp&)':
/opt/st/stm32cubeide_1.5.1/plugins/com.st.stm32cube.ide.mcu.externaltools.gnu-tools-for-stm32.7-2018-q2-update.linux64_1.5.0.202011040924/tools/arm-none-eabi/include/c++/7.3.1/bits/stl_uninitialized.h:150:8: error: '_Construct' is not a member of 'std'
   std::_Construct(std::__addressof(*__cur), __x);
        ^~~~~~~~~~
/opt/st/stm32cubeide_1.5.1/plugins/com.st.stm32cube.ide.mcu.externaltools.gnu-tools-for-stm32.7-2018-q2-update.linux64_1.5.0.202011040924/tools/arm-none-eabi/include/c++/7.3.1/bits/stl_uninitialized.h:154:13: error: '_Destroy' is not a member of 'std'
        std::_Destroy(__first, __cur);
             ^~~~~~~~
/opt/st/stm32cubeide_1.5.1/plugins/com.st.stm32cube.ide.mcu.externaltools.gnu-tools-for-stm32.7-2018-q2-update.linux64_1.5.0.202011040924/tools/arm-none-eabi/include/c++/7.3.1/bits/stl_uninitialized.h: In static member function 'static _ForwardIterator std::__uninitialized_fill_n<_TrivialValueType>::__uninit_fill_n(_ForwardIterator, _Size, const _Tp&)':
/opt/st/stm32cubeide_1.5.1/plugins/com.st.stm32cube.ide.mcu.externaltools.gnu-tools-for-stm32.7-2018-q2-update.linux64_1.5.0.202011040924/tools/arm-none-eabi/include/c++/7.3.1/bits/stl_uninitialized.h:210:8: error: '_Construct' is not a member of 'std'
   std::_Construct(std::__addressof(*__cur), __x);
        ^~~~~~~~~~
/opt/st/stm32cubeide_1.5.1/plugins/com.st.stm32cube.ide.mcu.externaltools.gnu-tools-for-stm32.7-2018-q2-update.linux64_1.5.0.202011040924/tools/arm-none-eabi/include/c++/7.3.1/bits/stl_uninitialized.h:215:13: error: '_Destroy' is not a member of 'std'
        std::_Destroy(__first, __cur);
             ^~~~~~~~
/opt/st/stm32cubeide_1.5.1/plugins/com.st.stm32cube.ide.mcu.externaltools.gnu-tools-for-stm32.7-2018-q2-update.linux64_1.5.0.202011040924/tools/arm-none-eabi/include/c++/7.3.1/bits/stl_uninitialized.h: In function '_ForwardIterator std::__uninitialized_copy_a(_InputIterator, _InputIterator, _ForwardIterator, _Allocator&)':
/opt/st/stm32cubeide_1.5.1/plugins/com.st.stm32cube.ide.mcu.externaltools.gnu-tools-for-stm32.7-2018-q2-update.linux64_1.5.0.202011040924/tools/arm-none-eabi/include/c++/7.3.1/bits/stl_uninitialized.h:280:9: error: '_Destroy' is not a member of 'std'
    std::_Destroy(__result, __cur, __alloc);
         ^~~~~~~~
/opt/st/stm32cubeide_1.5.1/plugins/com.st.stm32cube.ide.mcu.externaltools.gnu-tools-for-stm32.7-2018-q2-update.linux64_1.5.0.202011040924/tools/arm-none-eabi/include/c++/7.3.1/bits/stl_uninitialized.h: In function 'void std::__uninitialized_fill_a(_ForwardIterator, _ForwardIterator, const _Tp&, _Allocator&)':
/opt/st/stm32cubeide_1.5.1/plugins/com.st.stm32cube.ide.mcu.externaltools.gnu-tools-for-stm32.7-2018-q2-update.linux64_1.5.0.202011040924/tools/arm-none-eabi/include/c++/7.3.1/bits/stl_uninitialized.h:329:9: error: '_Destroy' is not a member of 'std'
    std::_Destroy(__first, __cur, __alloc);
         ^~~~~~~~
/opt/st/stm32cubeide_1.5.1/plugins/com.st.stm32cube.ide.mcu.externaltools.gnu-tools-for-stm32.7-2018-q2-update.linux64_1.5.0.202011040924/tools/arm-none-eabi/include/c++/7.3.1/bits/stl_uninitialized.h: In function '_ForwardIterator std::__uninitialized_fill_n_a(_ForwardIterator, _Size, const _Tp&, _Allocator&)':
/opt/st/stm32cubeide_1.5.1/plugins/com.st.stm32cube.ide.mcu.externaltools.gnu-tools-for-stm32.7-2018-q2-update.linux64_1.5.0.202011040924/tools/arm-none-eabi/include/c++/7.3.1/bits/stl_uninitialized.h:356:9: error: '_Destroy' is not a member of 'std'
    std::_Destroy(__first, __cur, __alloc);
         ^~~~~~~~
/opt/st/stm32cubeide_1.5.1/plugins/com.st.stm32cube.ide.mcu.externaltools.gnu-tools-for-stm32.7-2018-q2-update.linux64_1.5.0.202011040924/tools/arm-none-eabi/include/c++/7.3.1/bits/stl_uninitialized.h: In function '_ForwardIterator std::__uninitialized_copy_move(_InputIterator1, _InputIterator1, _InputIterator2, _InputIterator2, _ForwardIterator, _Allocator&)':
/opt/st/stm32cubeide_1.5.1/plugins/com.st.stm32cube.ide.mcu.externaltools.gnu-tools-for-stm32.7-2018-q2-update.linux64_1.5.0.202011040924/tools/arm-none-eabi/include/c++/7.3.1/bits/stl_uninitialized.h:397:9: error: '_Destroy' is not a member of 'std'
    std::_Destroy(__result, __mid, __alloc);
         ^~~~~~~~
/opt/st/stm32cubeide_1.5.1/plugins/com.st.stm32cube.ide.mcu.externaltools.gnu-tools-for-stm32.7-2018-q2-update.linux64_1.5.0.202011040924/tools/arm-none-eabi/include/c++/7.3.1/bits/stl_uninitialized.h: In function '_ForwardIterator std::__uninitialized_move_copy(_InputIterator1, _InputIterator1, _InputIterator2, _InputIterator2, _ForwardIterator, _Allocator&)':
/opt/st/stm32cubeide_1.5.1/plugins/com.st.stm32cube.ide.mcu.externaltools.gnu-tools-for-stm32.7-2018-q2-update.linux64_1.5.0.202011040924/tools/arm-none-eabi/include/c++/7.3.1/bits/stl_uninitialized.h:425:9: error: '_Destroy' is not a member of 'std'
    std::_Destroy(__result, __mid, __alloc);
         ^~~~~~~~
/opt/st/stm32cubeide_1.5.1/plugins/com.st.stm32cube.ide.mcu.externaltools.gnu-tools-for-stm32.7-2018-q2-update.linux64_1.5.0.202011040924/tools/arm-none-eabi/include/c++/7.3.1/bits/stl_uninitialized.h: In function '_ForwardIterator std::__uninitialized_fill_move(_ForwardIterator, _ForwardIterator, const _Tp&, _InputIterator, _InputIterator, _Allocator&)':
/opt/st/stm32cubeide_1.5.1/plugins/com.st.stm32cube.ide.mcu.externaltools.gnu-tools-for-stm32.7-2018-q2-update.linux64_1.5.0.202011040924/tools/arm-none-eabi/include/c++/7.3.1/bits/stl_uninitialized.h:447:9: error: '_Destroy' is not a member of 'std'
    std::_Destroy(__result, __mid, __alloc);
         ^~~~~~~~
/opt/st/stm32cubeide_1.5.1/plugins/com.st.stm32cube.ide.mcu.externaltools.gnu-tools-for-stm32.7-2018-q2-update.linux64_1.5.0.202011040924/tools/arm-none-eabi/include/c++/7.3.1/bits/stl_uninitialized.h: In function 'void std::__uninitialized_move_fill(_InputIterator, _InputIterator, _ForwardIterator, _ForwardIterator, const _Tp&, _Allocator&)':
/opt/st/stm32cubeide_1.5.1/plugins/com.st.stm32cube.ide.mcu.externaltools.gnu-tools-for-stm32.7-2018-q2-update.linux64_1.5.0.202011040924/tools/arm-none-eabi/include/c++/7.3.1/bits/stl_uninitialized.h:472:9: error: '_Destroy' is not a member of 'std'
    std::_Destroy(__first2, __mid2, __alloc);
         ^~~~~~~~
/opt/st/stm32cubeide_1.5.1/plugins/com.st.stm32cube.ide.mcu.externaltools.gnu-tools-for-stm32.7-2018-q2-update.linux64_1.5.0.202011040924/tools/arm-none-eabi/include/c++/7.3.1/bits/stl_uninitialized.h: In static member function 'static void std::__uninitialized_default_1<_TrivialValueType>::__uninit_default(_ForwardIterator, _ForwardIterator)':
/opt/st/stm32cubeide_1.5.1/plugins/com.st.stm32cube.ide.mcu.externaltools.gnu-tools-for-stm32.7-2018-q2-update.linux64_1.5.0.202011040924/tools/arm-none-eabi/include/c++/7.3.1/bits/stl_uninitialized.h:492:8: error: '_Construct' is not a member of 'std'
   std::_Construct(std::__addressof(*__cur));
        ^~~~~~~~~~
/opt/st/stm32cubeide_1.5.1/plugins/com.st.stm32cube.ide.mcu.externaltools.gnu-tools-for-stm32.7-2018-q2-update.linux64_1.5.0.202011040924/tools/arm-none-eabi/include/c++/7.3.1/bits/stl_uninitialized.h:496:13: error: '_Destroy' is not a member of 'std'
        std::_Destroy(__first, __cur);
             ^~~~~~~~
/opt/st/stm32cubeide_1.5.1/plugins/com.st.stm32cube.ide.mcu.externaltools.gnu-tools-for-stm32.7-2018-q2-update.linux64_1.5.0.202011040924/tools/arm-none-eabi/include/c++/7.3.1/bits/stl_uninitialized.h: In static member function 'static _ForwardIterator std::__uninitialized_default_n_1<_TrivialValueType>::__uninit_default_n(_ForwardIterator, _Size)':
/opt/st/stm32cubeide_1.5.1/plugins/com.st.stm32cube.ide.mcu.externaltools.gnu-tools-for-stm32.7-2018-q2-update.linux64_1.5.0.202011040924/tools/arm-none-eabi/include/c++/7.3.1/bits/stl_uninitialized.h:527:8: error: '_Construct' is not a member of 'std'
   std::_Construct(std::__addressof(*__cur));
        ^~~~~~~~~~
/opt/st/stm32cubeide_1.5.1/plugins/com.st.stm32cube.ide.mcu.externaltools.gnu-tools-for-stm32.7-2018-q2-update.linux64_1.5.0.202011040924/tools/arm-none-eabi/include/c++/7.3.1/bits/stl_uninitialized.h:532:13: error: '_Destroy' is not a member of 'std'
        std::_Destroy(__first, __cur);
             ^~~~~~~~
/opt/st/stm32cubeide_1.5.1/plugins/com.st.stm32cube.ide.mcu.externaltools.gnu-tools-for-stm32.7-2018-q2-update.linux64_1.5.0.202011040924/tools/arm-none-eabi/include/c++/7.3.1/bits/stl_uninitialized.h: In function 'void std::__uninitialized_default_a(_ForwardIterator, _ForwardIterator, _Allocator&)':
/opt/st/stm32cubeide_1.5.1/plugins/com.st.stm32cube.ide.mcu.externaltools.gnu-tools-for-stm32.7-2018-q2-update.linux64_1.5.0.202011040924/tools/arm-none-eabi/include/c++/7.3.1/bits/stl_uninitialized.h:605:9: error: '_Destroy' is not a member of 'std'
    std::_Destroy(__first, __cur, __alloc);
         ^~~~~~~~
/opt/st/stm32cubeide_1.5.1/plugins/com.st.stm32cube.ide.mcu.externaltools.gnu-tools-for-stm32.7-2018-q2-update.linux64_1.5.0.202011040924/tools/arm-none-eabi/include/c++/7.3.1/bits/stl_uninitialized.h: In function '_ForwardIterator std::__uninitialized_default_n_a(_ForwardIterator, _Size, _Allocator&)':
/opt/st/stm32cubeide_1.5.1/plugins/com.st.stm32cube.ide.mcu.externaltools.gnu-tools-for-stm32.7-2018-q2-update.linux64_1.5.0.202011040924/tools/arm-none-eabi/include/c++/7.3.1/bits/stl_uninitialized.h:636:9: error: '_Destroy' is not a member of 'std'
    std::_Destroy(__first, __cur, __alloc);
         ^~~~~~~~
/opt/st/stm32cubeide_1.5.1/plugins/com.st.stm32cube.ide.mcu.externaltools.gnu-tools-for-stm32.7-2018-q2-update.linux64_1.5.0.202011040924/tools/arm-none-eabi/include/c++/7.3.1/bits/stl_uninitialized.h: In static member function 'static void std::__uninitialized_default_novalue_1<_TrivialValueType>::__uninit_default_novalue(_ForwardIterator, _ForwardIterator)':
/opt/st/stm32cubeide_1.5.1/plugins/com.st.stm32cube.ide.mcu.externaltools.gnu-tools-for-stm32.7-2018-q2-update.linux64_1.5.0.202011040924/tools/arm-none-eabi/include/c++/7.3.1/bits/stl_uninitialized.h:659:8: error: '_Construct_novalue' is not a member of 'std'
   std::_Construct_novalue(std::__addressof(*__cur));
        ^~~~~~~~~~~~~~~~~~
/opt/st/stm32cubeide_1.5.1/plugins/com.st.stm32cube.ide.mcu.externaltools.gnu-tools-for-stm32.7-2018-q2-update.linux64_1.5.0.202011040924/tools/arm-none-eabi/include/c++/7.3.1/bits/stl_uninitialized.h:659:8: note: suggested alternative: 'is_constructible'
   std::_Construct_novalue(std::__addressof(*__cur));
        ^~~~~~~~~~~~~~~~~~
        is_constructible
/opt/st/stm32cubeide_1.5.1/plugins/com.st.stm32cube.ide.mcu.externaltools.gnu-tools-for-stm32.7-2018-q2-update.linux64_1.5.0.202011040924/tools/arm-none-eabi/include/c++/7.3.1/bits/stl_uninitialized.h:663:13: error: '_Destroy' is not a member of 'std'
        std::_Destroy(__first, __cur);
             ^~~~~~~~
/opt/st/stm32cubeide_1.5.1/plugins/com.st.stm32cube.ide.mcu.externaltools.gnu-tools-for-stm32.7-2018-q2-update.linux64_1.5.0.202011040924/tools/arm-none-eabi/include/c++/7.3.1/bits/stl_uninitialized.h: In static member function 'static _ForwardIterator std::__uninitialized_default_novalue_n_1<_TrivialValueType>::__uninit_default_novalue_n(_ForwardIterator, _Size)':
/opt/st/stm32cubeide_1.5.1/plugins/com.st.stm32cube.ide.mcu.externaltools.gnu-tools-for-stm32.7-2018-q2-update.linux64_1.5.0.202011040924/tools/arm-none-eabi/include/c++/7.3.1/bits/stl_uninitialized.h:691:8: error: '_Construct_novalue' is not a member of 'std'
   std::_Construct_novalue(std::__addressof(*__cur));
        ^~~~~~~~~~~~~~~~~~
/opt/st/stm32cubeide_1.5.1/plugins/com.st.stm32cube.ide.mcu.externaltools.gnu-tools-for-stm32.7-2018-q2-update.linux64_1.5.0.202011040924/tools/arm-none-eabi/include/c++/7.3.1/bits/stl_uninitialized.h:691:8: note: suggested alternative: 'is_constructible'
   std::_Construct_novalue(std::__addressof(*__cur));
        ^~~~~~~~~~~~~~~~~~
        is_constructible
/opt/st/stm32cubeide_1.5.1/plugins/com.st.stm32cube.ide.mcu.externaltools.gnu-tools-for-stm32.7-2018-q2-update.linux64_1.5.0.202011040924/tools/arm-none-eabi/include/c++/7.3.1/bits/stl_uninitialized.h:696:13: error: '_Destroy' is not a member of 'std'
        std::_Destroy(__first, __cur);
             ^~~~~~~~
/opt/st/stm32cubeide_1.5.1/plugins/com.st.stm32cube.ide.mcu.externaltools.gnu-tools-for-stm32.7-2018-q2-update.linux64_1.5.0.202011040924/tools/arm-none-eabi/include/c++/7.3.1/bits/stl_uninitialized.h: In function '_ForwardIterator std::__uninitialized_copy_n(_InputIterator, _Size, _ForwardIterator, std::input_iterator_tag)':
/opt/st/stm32cubeide_1.5.1/plugins/com.st.stm32cube.ide.mcu.externaltools.gnu-tools-for-stm32.7-2018-q2-update.linux64_1.5.0.202011040924/tools/arm-none-eabi/include/c++/7.3.1/bits/stl_uninitialized.h:751:11: error: '_Construct' is not a member of 'std'
      std::_Construct(std::__addressof(*__cur), *__first);
           ^~~~~~~~~~
/opt/st/stm32cubeide_1.5.1/plugins/com.st.stm32cube.ide.mcu.externaltools.gnu-tools-for-stm32.7-2018-q2-update.linux64_1.5.0.202011040924/tools/arm-none-eabi/include/c++/7.3.1/bits/stl_uninitialized.h:756:9: error: '_Destroy' is not a member of 'std'
    std::_Destroy(__result, __cur);
         ^~~~~~~~
/opt/st/stm32cubeide_1.5.1/plugins/com.st.stm32cube.ide.mcu.externaltools.gnu-tools-for-stm32.7-2018-q2-update.linux64_1.5.0.202011040924/tools/arm-none-eabi/include/c++/7.3.1/bits/stl_uninitialized.h: In function 'std::pair<_InputIterator, _ForwardIterator> std::__uninitialized_copy_n_pair(_InputIterator, _Size, _ForwardIterator, std::input_iterator_tag)':
/opt/st/stm32cubeide_1.5.1/plugins/com.st.stm32cube.ide.mcu.externaltools.gnu-tools-for-stm32.7-2018-q2-update.linux64_1.5.0.202011040924/tools/arm-none-eabi/include/c++/7.3.1/bits/stl_uninitialized.h:779:11: error: '_Construct' is not a member of 'std'
      std::_Construct(std::__addressof(*__cur), *__first);
           ^~~~~~~~~~
/opt/st/stm32cubeide_1.5.1/plugins/com.st.stm32cube.ide.mcu.externaltools.gnu-tools-for-stm32.7-2018-q2-update.linux64_1.5.0.202011040924/tools/arm-none-eabi/include/c++/7.3.1/bits/stl_uninitialized.h:784:9: error: '_Destroy' is not a member of 'std'
    std::_Destroy(__result, __cur);
         ^~~~~~~~
In file included from /opt/st/stm32cubeide_1.5.1/plugins/com.st.stm32cube.ide.mcu.externaltools.gnu-tools-for-stm32.7-2018-q2-update.linux64_1.5.0.202011040924/tools/arm-none-eabi/include/c++/7.3.1/memory:66:0,
                 from ../Application/appmain.cpp:37:
/opt/st/stm32cubeide_1.5.1/plugins/com.st.stm32cube.ide.mcu.externaltools.gnu-tools-for-stm32.7-2018-q2-update.linux64_1.5.0.202011040924/tools/arm-none-eabi/include/c++/7.3.1/bits/stl_tempbuf.h: In destructor 'std::_Temporary_buffer<_ForwardIterator, _Tp>::~_Temporary_buffer()':
/opt/st/stm32cubeide_1.5.1/plugins/com.st.stm32cube.ide.mcu.externaltools.gnu-tools-for-stm32.7-2018-q2-update.linux64_1.5.0.202011040924/tools/arm-none-eabi/include/c++/7.3.1/bits/stl_tempbuf.h:167:7: error: '_Destroy' is not a member of 'std'
  std::_Destroy(_M_buffer, _M_buffer + _M_len);
       ^~~~~~~~
/opt/st/stm32cubeide_1.5.1/plugins/com.st.stm32cube.ide.mcu.externaltools.gnu-tools-for-stm32.7-2018-q2-update.linux64_1.5.0.202011040924/tools/arm-none-eabi/include/c++/7.3.1/bits/stl_tempbuf.h: In static member function 'static void std::__uninitialized_construct_buf_dispatch<<anonymous> >::__ucr(_Pointer, _Pointer, _ForwardIterator)':
/opt/st/stm32cubeide_1.5.1/plugins/com.st.stm32cube.ide.mcu.externaltools.gnu-tools-for-stm32.7-2018-q2-update.linux64_1.5.0.202011040924/tools/arm-none-eabi/include/c++/7.3.1/bits/stl_tempbuf.h:194:13: error: '_Construct' is not a member of 'std'
        std::_Construct(std::__addressof(*__first),
             ^~~~~~~~~~
/opt/st/stm32cubeide_1.5.1/plugins/com.st.stm32cube.ide.mcu.externaltools.gnu-tools-for-stm32.7-2018-q2-update.linux64_1.5.0.202011040924/tools/arm-none-eabi/include/c++/7.3.1/bits/stl_tempbuf.h:199:8: error: '_Construct' is not a member of 'std'
   std::_Construct(std::__addressof(*__cur),
        ^~~~~~~~~~
/opt/st/stm32cubeide_1.5.1/plugins/com.st.stm32cube.ide.mcu.externaltools.gnu-tools-for-stm32.7-2018-q2-update.linux64_1.5.0.202011040924/tools/arm-none-eabi/include/c++/7.3.1/bits/stl_tempbuf.h:205:13: error: '_Destroy' is not a member of 'std'
        std::_Destroy(__first, __cur);
             ^~~~~~~~
In file included from /opt/st/stm32cubeide_1.5.1/plugins/com.st.stm32cube.ide.mcu.externaltools.gnu-tools-for-stm32.7-2018-q2-update.linux64_1.5.0.202011040924/tools/arm-none-eabi/include/c++/7.3.1/memory:67:0,
                 from ../Application/appmain.cpp:37:
/opt/st/stm32cubeide_1.5.1/plugins/com.st.stm32cube.ide.mcu.externaltools.gnu-tools-for-stm32.7-2018-q2-update.linux64_1.5.0.202011040924/tools/arm-none-eabi/include/c++/7.3.1/bits/stl_raw_storage_iter.h: In member function 'std::raw_storage_iterator<_OutputIterator, _Tp>& std::raw_storage_iterator<_OutputIterator, _Tp>::operator=(const _Tp&)':
/opt/st/stm32cubeide_1.5.1/plugins/com.st.stm32cube.ide.mcu.externaltools.gnu-tools-for-stm32.7-2018-q2-update.linux64_1.5.0.202011040924/tools/arm-none-eabi/include/c++/7.3.1/bits/stl_raw_storage_iter.h:85:7: error: '_Construct' is not a member of 'std'
  std::_Construct(std::__addressof(*_M_iter), __element);
       ^~~~~~~~~~
/opt/st/stm32cubeide_1.5.1/plugins/com.st.stm32cube.ide.mcu.externaltools.gnu-tools-for-stm32.7-2018-q2-update.linux64_1.5.0.202011040924/tools/arm-none-eabi/include/c++/7.3.1/bits/stl_raw_storage_iter.h: In member function 'std::raw_storage_iterator<_OutputIterator, _Tp>& std::raw_storage_iterator<_OutputIterator, _Tp>::operator=(_Tp&&)':
/opt/st/stm32cubeide_1.5.1/plugins/com.st.stm32cube.ide.mcu.externaltools.gnu-tools-for-stm32.7-2018-q2-update.linux64_1.5.0.202011040924/tools/arm-none-eabi/include/c++/7.3.1/bits/stl_raw_storage_iter.h:95:7: error: '_Construct' is not a member of 'std'
  std::_Construct(std::__addressof(*_M_iter), std::move(__element));
       ^~~~~~~~~~
In file included from ../CppUTests/cpputests_dsp_buffer.cpp:34:0:
/home/chris/DSP_GuitarPedal/G474RE_Main/Application/sine_lookup_table.hpp:34:1: error: 'td' does not name a type; did you mean 'tm'?
 td::array<int, 64> sine_lut
 ^~
 tm
In file included from ../Drivers/CMSIS/Include/cmsis_compiler.h:54:0,
                 from ../Drivers/CMSIS/Include/core_cm4.h:162,
                 from ../Drivers/CMSIS/Device/ST/STM32G4xx/Include/stm32g474xx.h:186,
                 from ../Drivers/CMSIS/Device/ST/STM32G4xx/Include/stm32g4xx.h:118,
                 from ../Drivers/STM32G4xx_HAL_Driver/Inc/stm32g4xx_hal_def.h:30,
                 from ../Drivers/STM32G4xx_HAL_Driver/Inc/stm32g4xx_hal_rcc.h:29,
                 from ../Core/Inc/stm32g4xx_hal_conf.h:211,
                 from ../Drivers/STM32G4xx_HAL_Driver/Inc/stm32g4xx_hal.h:30,
                 from ../CppUTests/cpputests_dsp_buffer.cpp:37:
../Drivers/CMSIS/Include/cmsis_gcc.h:29:28: error: expected declaration before end of line
 #pragma GCC diagnostic push
                            ^
make: *** [CppUTests/subdir.mk:21: CppUTests/cpputests_dsp_buffer.o] Error 1
make: *** Waiting for unfinished jobs....
../Application/appmain.cpp: In function 'void HAL_TIM_PeriodElapsedCallback(TIM_HandleTypeDef*)':
../Application/appmain.cpp:111:30: error: 'sine_lut' was not declared in this scope
   sine_lut_index = count & ( sine_lut.size() - 1 );
                              ^~~~~~~~
../Application/appmain.cpp:111:30: note: suggested alternative: 'size_t'
   sine_lut_index = count & ( sine_lut.size() - 1 );
                              ^~~~~~~~
                              size_t
make: *** [Application/subdir.mk:25: Application/appmain.o] Error 1
"make -j4 all" terminated with exit code 2. Build might be incomplete.
23:31:40 **** Incremental Build of configuration Debug for project G474_CppUTest ****
make -j4 all 
make: Nothing to be done for 'all'.
23:31:41 **** Incremental Build of configuration Debug for project G474_RTT ****
make -j4 all 
make: Nothing to be done for 'all'.
23:31:43 **** Incremental Build of configuration Debug for project G474RE_Main ****
make -j4 all 
arm-none-eabi-g++ "../CppUTests/cpputests_dsp_buffer.cpp" -mcpu=cortex-m4 -std=gnu++14 -g3 -DUSE_HAL_DRIVER -DSTM32G474xx -DDEBUG -c -I../Core/Inc -I"/home/chris/DSP_GuitarPedal/G474_CppUTest/Inc" -I../Drivers/STM32G4xx_HAL_Driver/Inc -I../Drivers/STM32G4xx_HAL_Driver/Inc/Legacy -I../Drivers/CMSIS/Device/ST/STM32G4xx/Include -I../Drivers/CMSIS/Include -I"/home/chris/DSP_GuitarPedal/G474RE_Main/CppUTests" -I"/home/chris/DSP_GuitarPedal/G474RE_Main/Application" -I"/home/chris/DSP_GuitarPedal/G474_RTT/RTT" -O0 -ffunction-sections -fdata-sections -fno-exceptions -fno-rtti -fno-use-cxa-atexit -Wall -fstack-usage -MMD -MP -MF"CppUTests/cpputests_dsp_buffer.d" -MT"CppUTests/cpputests_dsp_buffer.o" --specs=nano.specs -mfpu=fpv4-sp-d16 -mfloat-abi=hard -mthumb -o "CppUTests/cpputests_dsp_buffer.o"
arm-none-eabi-g++ "../Application/appmain.cpp" -mcpu=cortex-m4 -std=gnu++14 -g3 -DUSE_HAL_DRIVER -DSTM32G474xx -DDEBUG -c -I../Core/Inc -I"/home/chris/DSP_GuitarPedal/G474_CppUTest/Inc" -I../Drivers/STM32G4xx_HAL_Driver/Inc -I../Drivers/STM32G4xx_HAL_Driver/Inc/Legacy -I../Drivers/CMSIS/Device/ST/STM32G4xx/Include -I../Drivers/CMSIS/Include -I"/home/chris/DSP_GuitarPedal/G474RE_Main/CppUTests" -I"/home/chris/DSP_GuitarPedal/G474RE_Main/Application" -I"/home/chris/DSP_GuitarPedal/G474_RTT/RTT" -O0 -ffunction-sections -fdata-sections -fno-exceptions -fno-rtti -fno-use-cxa-atexit -Wall -fstack-usage -MMD -MP -MF"Application/appmain.d" -MT"Application/appmain.o" --specs=nano.specs -mfpu=fpv4-sp-d16 -mfloat-abi=hard -mthumb -o "Application/appmain.o"
In file included from ../CppUTests/cpputests_dsp_buffer.cpp:34:0:
/home/chris/DSP_GuitarPedal/G474RE_Main/Application/sine_lookup_table.hpp:34:1: error: 'td' does not name a type; did you mean 'tm'?
 td::array<int, 64> sine_lut;
 ^~
 tm
../CppUTests/cpputests_dsp_buffer.cpp: In member function 'virtual void TEST_DspBufferGroup_DspBuffer_Allign8BitRight_Test::testBody()':
../CppUTests/cpputests_dsp_buffer.cpp:155:22: error: 'sine_lut' was not declared in this scope
  while(test_count < (sine_lut.size()) )
                      ^~~~~~~~
../CppUTests/cpputests_dsp_buffer.cpp:155:22: note: suggested alternative: 'size_t'
  while(test_count < (sine_lut.size()) )
                      ^~~~~~~~
                      size_t
make: *** [CppUTests/subdir.mk:21: CppUTests/cpputests_dsp_buffer.o] Error 1
make: *** Waiting for unfinished jobs....
In file included from ../Application/appmain.cpp:33:0:
../Application/sine_lookup_table.hpp:34:1: error: 'td' does not name a type; did you mean 'tm'?
 td::array<int, 64> sine_lut;
 ^~
 tm
../Application/appmain.cpp: In function 'void HAL_TIM_PeriodElapsedCallback(TIM_HandleTypeDef*)':
../Application/appmain.cpp:111:30: error: 'sine_lut' was not declared in this scope
   sine_lut_index = count & ( sine_lut.size() - 1 );
                              ^~~~~~~~
../Application/appmain.cpp:111:30: note: suggested alternative: 'size_t'
   sine_lut_index = count & ( sine_lut.size() - 1 );
                              ^~~~~~~~
                              size_t
make: *** [Application/subdir.mk:25: Application/appmain.o] Error 1
"make -j4 all" terminated with exit code 2. Build might be incomplete.
23:31:44 **** Incremental Build of configuration Debug for project G474_CppUTest ****
make -j4 all 
make: Nothing to be done for 'all'.
23:31:44 **** Incremental Build of configuration Debug for project G474_RTT ****
make -j4 all 
make: Nothing to be done for 'all'.
23:33:02 **** Incremental Build of configuration Debug for project G474RE_Main ****
make -j4 all 
arm-none-eabi-g++ "../CppUTests/cpputests_dsp_buffer.cpp" -mcpu=cortex-m4 -std=gnu++14 -g3 -DUSE_HAL_DRIVER -DSTM32G474xx -DDEBUG -c -I../Core/Inc -I"/home/chris/DSP_GuitarPedal/G474_CppUTest/Inc" -I../Drivers/STM32G4xx_HAL_Driver/Inc -I../Drivers/STM32G4xx_HAL_Driver/Inc/Legacy -I../Drivers/CMSIS/Device/ST/STM32G4xx/Include -I../Drivers/CMSIS/Include -I"/home/chris/DSP_GuitarPedal/G474RE_Main/CppUTests" -I"/home/chris/DSP_GuitarPedal/G474RE_Main/Application" -I"/home/chris/DSP_GuitarPedal/G474_RTT/RTT" -O0 -ffunction-sections -fdata-sections -fno-exceptions -fno-rtti -fno-use-cxa-atexit -Wall -fstack-usage -MMD -MP -MF"CppUTests/cpputests_dsp_buffer.d" -MT"CppUTests/cpputests_dsp_buffer.o" --specs=nano.specs -mfpu=fpv4-sp-d16 -mfloat-abi=hard -mthumb -o "CppUTests/cpputests_dsp_buffer.o"
arm-none-eabi-g++ "../Application/appmain.cpp" -mcpu=cortex-m4 -std=gnu++14 -g3 -DUSE_HAL_DRIVER -DSTM32G474xx -DDEBUG -c -I../Core/Inc -I"/home/chris/DSP_GuitarPedal/G474_CppUTest/Inc" -I../Drivers/STM32G4xx_HAL_Driver/Inc -I../Drivers/STM32G4xx_HAL_Driver/Inc/Legacy -I../Drivers/CMSIS/Device/ST/STM32G4xx/Include -I../Drivers/CMSIS/Include -I"/home/chris/DSP_GuitarPedal/G474RE_Main/CppUTests" -I"/home/chris/DSP_GuitarPedal/G474RE_Main/Application" -I"/home/chris/DSP_GuitarPedal/G474_RTT/RTT" -O0 -ffunction-sections -fdata-sections -fno-exceptions -fno-rtti -fno-use-cxa-atexit -Wall -fstack-usage -MMD -MP -MF"Application/appmain.d" -MT"Application/appmain.o" --specs=nano.specs -mfpu=fpv4-sp-d16 -mfloat-abi=hard -mthumb -o "Application/appmain.o"
arm-none-eabi-g++ -o "G474RE_Main.elf" @"objects.list"  -lG474_CppUTest -lG474_RTT -mcpu=cortex-m4 -T"/home/chris/DSP_GuitarPedal/G474RE_Main/STM32G474RETX_FLASH.ld" --specs=nosys.specs -Wl,-Map="G474RE_Main.map" -Wl,--gc-sections -static -L"/home/chris/DSP_GuitarPedal/G474_CppUTest/Debug" -L"/home/chris/DSP_GuitarPedal/G474_RTT/Debug" --specs=nano.specs -mfpu=fpv4-sp-d16 -mfloat-abi=hard -mthumb -Wl,--start-group -lc -lm -lstdc++ -lsupc++ -Wl,--end-group
Finished building target: G474RE_Main.elf
 
arm-none-eabi-objdump -h -S  G474RE_Main.elf  > "G474RE_Main.list"
arm-none-eabi-objcopy  -O binary  G474RE_Main.elf  "G474RE_Main.bin"
arm-none-eabi-size   G474RE_Main.elf 
   text	   data	    bss	    dec	    hex	filename
 267268	   1544	  10920	 279732	  444b4	G474RE_Main.elf
Finished building: default.size.stdout
Finished building: G474RE_Main.bin
 
 
Finished building: G474RE_Main.list
 
23:33:08 **** Incremental Build of configuration Debug for project G474_CppUTest ****
make -j4 all 
make: Nothing to be done for 'all'.
23:33:08 **** Incremental Build of configuration Debug for project G474_RTT ****
make -j4 all 
make: Nothing to be done for 'all'.
23:33:42 **** Incremental Build of configuration Debug for project G474RE_Main ****
make -j4 all 
arm-none-eabi-size   G474RE_Main.elf 
   text	   data	    bss	    dec	    hex	filename
 267268	   1544	  10920	 279732	  444b4	G474RE_Main.elf
Finished building: default.size.stdout
 
23:35:54 **** Incremental Build of configuration Debug for project G474RE_Main ****
make -j4 all 
arm-none-eabi-g++ "../CppUTests/cpputests_dsp_buffer.cpp" -mcpu=cortex-m4 -std=gnu++14 -g3 -DUSE_HAL_DRIVER -DSTM32G474xx -DDEBUG -c -I../Core/Inc -I"/home/chris/DSP_GuitarPedal/G474_CppUTest/Inc" -I../Drivers/STM32G4xx_HAL_Driver/Inc -I../Drivers/STM32G4xx_HAL_Driver/Inc/Legacy -I../Drivers/CMSIS/Device/ST/STM32G4xx/Include -I../Drivers/CMSIS/Include -I"/home/chris/DSP_GuitarPedal/G474RE_Main/CppUTests" -I"/home/chris/DSP_GuitarPedal/G474RE_Main/Application" -I"/home/chris/DSP_GuitarPedal/G474_RTT/RTT" -O0 -ffunction-sections -fdata-sections -fno-exceptions -fno-rtti -fno-use-cxa-atexit -Wall -fstack-usage -MMD -MP -MF"CppUTests/cpputests_dsp_buffer.d" -MT"CppUTests/cpputests_dsp_buffer.o" --specs=nano.specs -mfpu=fpv4-sp-d16 -mfloat-abi=hard -mthumb -o "CppUTests/cpputests_dsp_buffer.o"
arm-none-eabi-g++ "../Application/appmain.cpp" -mcpu=cortex-m4 -std=gnu++14 -g3 -DUSE_HAL_DRIVER -DSTM32G474xx -DDEBUG -c -I../Core/Inc -I"/home/chris/DSP_GuitarPedal/G474_CppUTest/Inc" -I../Drivers/STM32G4xx_HAL_Driver/Inc -I../Drivers/STM32G4xx_HAL_Driver/Inc/Legacy -I../Drivers/CMSIS/Device/ST/STM32G4xx/Include -I../Drivers/CMSIS/Include -I"/home/chris/DSP_GuitarPedal/G474RE_Main/CppUTests" -I"/home/chris/DSP_GuitarPedal/G474RE_Main/Application" -I"/home/chris/DSP_GuitarPedal/G474_RTT/RTT" -O0 -ffunction-sections -fdata-sections -fno-exceptions -fno-rtti -fno-use-cxa-atexit -Wall -fstack-usage -MMD -MP -MF"Application/appmain.d" -MT"Application/appmain.o" --specs=nano.specs -mfpu=fpv4-sp-d16 -mfloat-abi=hard -mthumb -o "Application/appmain.o"
arm-none-eabi-g++ -o "G474RE_Main.elf" @"objects.list"  -lG474_CppUTest -lG474_RTT -mcpu=cortex-m4 -T"/home/chris/DSP_GuitarPedal/G474RE_Main/STM32G474RETX_FLASH.ld" --specs=nosys.specs -Wl,-Map="G474RE_Main.map" -Wl,--gc-sections -static -L"/home/chris/DSP_GuitarPedal/G474_CppUTest/Debug" -L"/home/chris/DSP_GuitarPedal/G474_RTT/Debug" --specs=nano.specs -mfpu=fpv4-sp-d16 -mfloat-abi=hard -mthumb -Wl,--start-group -lc -lm -lstdc++ -lsupc++ -Wl,--end-group
Finished building target: G474RE_Main.elf
 
arm-none-eabi-objdump -h -S  G474RE_Main.elf  > "G474RE_Main.list"
arm-none-eabi-objcopy  -O binary  G474RE_Main.elf  "G474RE_Main.bin"
arm-none-eabi-size   G474RE_Main.elf 
   text	   data	    bss	    dec	    hex	filename
 267268	   1544	  10920	 279732	  444b4	G474RE_Main.elf
Finished building: default.size.stdout
Finished building: G474RE_Main.bin
 
 
Finished building: G474RE_Main.list
 
23:36:00 **** Incremental Build of configuration Debug for project G474_CppUTest ****
make -j4 all 
make: Nothing to be done for 'all'.
23:36:00 **** Incremental Build of configuration Debug for project G474_RTT ****
make -j4 all 
make: Nothing to be done for 'all'.
23:37:29 **** Incremental Build of configuration Debug for project G474RE_Main ****
make -j4 all 
arm-none-eabi-g++ "../CppUTests/cpputests_dsp_buffer.cpp" -mcpu=cortex-m4 -std=gnu++14 -g3 -DUSE_HAL_DRIVER -DSTM32G474xx -DDEBUG -c -I../Core/Inc -I"/home/chris/DSP_GuitarPedal/G474_CppUTest/Inc" -I../Drivers/STM32G4xx_HAL_Driver/Inc -I../Drivers/STM32G4xx_HAL_Driver/Inc/Legacy -I../Drivers/CMSIS/Device/ST/STM32G4xx/Include -I../Drivers/CMSIS/Include -I"/home/chris/DSP_GuitarPedal/G474RE_Main/CppUTests" -I"/home/chris/DSP_GuitarPedal/G474RE_Main/Application" -I"/home/chris/DSP_GuitarPedal/G474_RTT/RTT" -O0 -ffunction-sections -fdata-sections -fno-exceptions -fno-rtti -fno-use-cxa-atexit -Wall -fstack-usage -MMD -MP -MF"CppUTests/cpputests_dsp_buffer.d" -MT"CppUTests/cpputests_dsp_buffer.o" --specs=nano.specs -mfpu=fpv4-sp-d16 -mfloat-abi=hard -mthumb -o "CppUTests/cpputests_dsp_buffer.o"
arm-none-eabi-g++ "../Application/appmain.cpp" -mcpu=cortex-m4 -std=gnu++14 -g3 -DUSE_HAL_DRIVER -DSTM32G474xx -DDEBUG -c -I../Core/Inc -I"/home/chris/DSP_GuitarPedal/G474_CppUTest/Inc" -I../Drivers/STM32G4xx_HAL_Driver/Inc -I../Drivers/STM32G4xx_HAL_Driver/Inc/Legacy -I../Drivers/CMSIS/Device/ST/STM32G4xx/Include -I../Drivers/CMSIS/Include -I"/home/chris/DSP_GuitarPedal/G474RE_Main/CppUTests" -I"/home/chris/DSP_GuitarPedal/G474RE_Main/Application" -I"/home/chris/DSP_GuitarPedal/G474_RTT/RTT" -O0 -ffunction-sections -fdata-sections -fno-exceptions -fno-rtti -fno-use-cxa-atexit -Wall -fstack-usage -MMD -MP -MF"Application/appmain.d" -MT"Application/appmain.o" --specs=nano.specs -mfpu=fpv4-sp-d16 -mfloat-abi=hard -mthumb -o "Application/appmain.o"
arm-none-eabi-g++ -o "G474RE_Main.elf" @"objects.list"  -lG474_CppUTest -lG474_RTT -mcpu=cortex-m4 -T"/home/chris/DSP_GuitarPedal/G474RE_Main/STM32G474RETX_FLASH.ld" --specs=nosys.specs -Wl,-Map="G474RE_Main.map" -Wl,--gc-sections -static -L"/home/chris/DSP_GuitarPedal/G474_CppUTest/Debug" -L"/home/chris/DSP_GuitarPedal/G474_RTT/Debug" --specs=nano.specs -mfpu=fpv4-sp-d16 -mfloat-abi=hard -mthumb -Wl,--start-group -lc -lm -lstdc++ -lsupc++ -Wl,--end-group
Finished building target: G474RE_Main.elf
 
arm-none-eabi-objdump -h -S  G474RE_Main.elf  > "G474RE_Main.list"
arm-none-eabi-objcopy  -O binary  G474RE_Main.elf  "G474RE_Main.bin"
arm-none-eabi-size   G474RE_Main.elf 
   text	   data	    bss	    dec	    hex	filename
 268236	   1544	  10952	 280732	  4489c	G474RE_Main.elf
Finished building: default.size.stdout
 
Finished building: G474RE_Main.bin
 
Finished building: G474RE_Main.list
 
23:37:35 **** Incremental Build of configuration Debug for project G474_CppUTest ****
make -j4 all 
make: Nothing to be done for 'all'.
23:37:35 **** Incremental Build of configuration Debug for project G474_RTT ****
make -j4 all 
make: Nothing to be done for 'all'.
23:37:39 **** Incremental Build of configuration Debug for project G474RE_Main ****
make -j4 all 
arm-none-eabi-size   G474RE_Main.elf 
   text	   data	    bss	    dec	    hex	filename
 268236	   1544	  10952	 280732	  4489c	G474RE_Main.elf
Finished building: default.size.stdout
 
23:41:41 **** Incremental Build of configuration Debug for project G474RE_Main ****
make -j4 all 
arm-none-eabi-g++ "../CppUTests/cpputests_dsp_buffer.cpp" -mcpu=cortex-m4 -std=gnu++14 -g3 -DUSE_HAL_DRIVER -DSTM32G474xx -DDEBUG -c -I../Core/Inc -I"/home/chris/DSP_GuitarPedal/G474_CppUTest/Inc" -I../Drivers/STM32G4xx_HAL_Driver/Inc -I../Drivers/STM32G4xx_HAL_Driver/Inc/Legacy -I../Drivers/CMSIS/Device/ST/STM32G4xx/Include -I../Drivers/CMSIS/Include -I"/home/chris/DSP_GuitarPedal/G474RE_Main/CppUTests" -I"/home/chris/DSP_GuitarPedal/G474RE_Main/Application" -I"/home/chris/DSP_GuitarPedal/G474_RTT/RTT" -O0 -ffunction-sections -fdata-sections -fno-exceptions -fno-rtti -fno-use-cxa-atexit -Wall -fstack-usage -MMD -MP -MF"CppUTests/cpputests_dsp_buffer.d" -MT"CppUTests/cpputests_dsp_buffer.o" --specs=nano.specs -mfpu=fpv4-sp-d16 -mfloat-abi=hard -mthumb -o "CppUTests/cpputests_dsp_buffer.o"
arm-none-eabi-g++ "../Application/appmain.cpp" -mcpu=cortex-m4 -std=gnu++14 -g3 -DUSE_HAL_DRIVER -DSTM32G474xx -DDEBUG -c -I../Core/Inc -I"/home/chris/DSP_GuitarPedal/G474_CppUTest/Inc" -I../Drivers/STM32G4xx_HAL_Driver/Inc -I../Drivers/STM32G4xx_HAL_Driver/Inc/Legacy -I../Drivers/CMSIS/Device/ST/STM32G4xx/Include -I../Drivers/CMSIS/Include -I"/home/chris/DSP_GuitarPedal/G474RE_Main/CppUTests" -I"/home/chris/DSP_GuitarPedal/G474RE_Main/Application" -I"/home/chris/DSP_GuitarPedal/G474_RTT/RTT" -O0 -ffunction-sections -fdata-sections -fno-exceptions -fno-rtti -fno-use-cxa-atexit -Wall -fstack-usage -MMD -MP -MF"Application/appmain.d" -MT"Application/appmain.o" --specs=nano.specs -mfpu=fpv4-sp-d16 -mfloat-abi=hard -mthumb -o "Application/appmain.o"
arm-none-eabi-g++ -o "G474RE_Main.elf" @"objects.list"  -lG474_CppUTest -lG474_RTT -mcpu=cortex-m4 -T"/home/chris/DSP_GuitarPedal/G474RE_Main/STM32G474RETX_FLASH.ld" --specs=nosys.specs -Wl,-Map="G474RE_Main.map" -Wl,--gc-sections -static -L"/home/chris/DSP_GuitarPedal/G474_CppUTest/Debug" -L"/home/chris/DSP_GuitarPedal/G474_RTT/Debug" --specs=nano.specs -mfpu=fpv4-sp-d16 -mfloat-abi=hard -mthumb -Wl,--start-group -lc -lm -lstdc++ -lsupc++ -Wl,--end-group
Finished building target: G474RE_Main.elf
 
arm-none-eabi-objdump -h -S  G474RE_Main.elf  > "G474RE_Main.list"
arm-none-eabi-objcopy  -O binary  G474RE_Main.elf  "G474RE_Main.bin"
arm-none-eabi-size   G474RE_Main.elf 
   text	   data	    bss	    dec	    hex	filename
 269812	   1800	  11016	 282628	  45004	G474RE_Main.elf
Finished building: default.size.stdout
 
Finished building: G474RE_Main.bin
 
Finished building: G474RE_Main.list
 
23:41:46 **** Incremental Build of configuration Debug for project G474_CppUTest ****
make -j4 all 
make: Nothing to be done for 'all'.
23:41:46 **** Incremental Build of configuration Debug for project G474_RTT ****
make -j4 all 
make: Nothing to be done for 'all'.
23:42:02 **** Incremental Build of configuration Debug for project G474RE_Main ****
make -j4 all 
arm-none-eabi-g++ "../CppUTests/cpputests_dsp_buffer.cpp" -mcpu=cortex-m4 -std=gnu++14 -g3 -DUSE_HAL_DRIVER -DSTM32G474xx -DDEBUG -c -I../Core/Inc -I"/home/chris/DSP_GuitarPedal/G474_CppUTest/Inc" -I../Drivers/STM32G4xx_HAL_Driver/Inc -I../Drivers/STM32G4xx_HAL_Driver/Inc/Legacy -I../Drivers/CMSIS/Device/ST/STM32G4xx/Include -I../Drivers/CMSIS/Include -I"/home/chris/DSP_GuitarPedal/G474RE_Main/CppUTests" -I"/home/chris/DSP_GuitarPedal/G474RE_Main/Application" -I"/home/chris/DSP_GuitarPedal/G474_RTT/RTT" -O0 -ffunction-sections -fdata-sections -fno-exceptions -fno-rtti -fno-use-cxa-atexit -Wall -fstack-usage -MMD -MP -MF"CppUTests/cpputests_dsp_buffer.d" -MT"CppUTests/cpputests_dsp_buffer.o" --specs=nano.specs -mfpu=fpv4-sp-d16 -mfloat-abi=hard -mthumb -o "CppUTests/cpputests_dsp_buffer.o"
arm-none-eabi-g++ -o "G474RE_Main.elf" @"objects.list"  -lG474_CppUTest -lG474_RTT -mcpu=cortex-m4 -T"/home/chris/DSP_GuitarPedal/G474RE_Main/STM32G474RETX_FLASH.ld" --specs=nosys.specs -Wl,-Map="G474RE_Main.map" -Wl,--gc-sections -static -L"/home/chris/DSP_GuitarPedal/G474_CppUTest/Debug" -L"/home/chris/DSP_GuitarPedal/G474_RTT/Debug" --specs=nano.specs -mfpu=fpv4-sp-d16 -mfloat-abi=hard -mthumb -Wl,--start-group -lc -lm -lstdc++ -lsupc++ -Wl,--end-group
Finished building target: G474RE_Main.elf
 
arm-none-eabi-objdump -h -S  G474RE_Main.elf  > "G474RE_Main.list"
arm-none-eabi-objcopy  -O binary  G474RE_Main.elf  "G474RE_Main.bin"
arm-none-eabi-size   G474RE_Main.elf 
   text	   data	    bss	    dec	    hex	filename
 269812	   1800	  11016	 282628	  45004	G474RE_Main.elf
Finished building: default.size.stdout
 
Finished building: G474RE_Main.bin
 
Finished building: G474RE_Main.list
 
23:42:07 **** Incremental Build of configuration Debug for project G474_CppUTest ****
make -j4 all 
make: Nothing to be done for 'all'.
23:42:07 **** Incremental Build of configuration Debug for project G474_RTT ****
make -j4 all 
make: Nothing to be done for 'all'.
23:42:27 **** Incremental Build of configuration Debug for project G474RE_Main ****
make -j4 all 
arm-none-eabi-size   G474RE_Main.elf 
   text	   data	    bss	    dec	    hex	filename
 269812	   1800	  11016	 282628	  45004	G474RE_Main.elf
Finished building: default.size.stdout
 
23:43:03 **** Incremental Build of configuration Debug for project G474RE_Main ****
make -j4 all 
arm-none-eabi-size   G474RE_Main.elf 
   text	   data	    bss	    dec	    hex	filename
 269812	   1800	  11016	 282628	  45004	G474RE_Main.elf
Finished building: default.size.stdout
 
23:46:51 **** Incremental Build of configuration Debug for project G474RE_Main ****
make -j4 all 
arm-none-eabi-g++ "../CppUTests/cpputests_buffer_allignment.cpp" -mcpu=cortex-m4 -std=gnu++14 -g3 -DUSE_HAL_DRIVER -DSTM32G474xx -DDEBUG -c -I../Core/Inc -I"/home/chris/DSP_GuitarPedal/G474_CppUTest/Inc" -I../Drivers/STM32G4xx_HAL_Driver/Inc -I../Drivers/STM32G4xx_HAL_Driver/Inc/Legacy -I../Drivers/CMSIS/Device/ST/STM32G4xx/Include -I../Drivers/CMSIS/Include -I"/home/chris/DSP_GuitarPedal/G474RE_Main/CppUTests" -I"/home/chris/DSP_GuitarPedal/G474RE_Main/Application" -I"/home/chris/DSP_GuitarPedal/G474_RTT/RTT" -O0 -ffunction-sections -fdata-sections -fno-exceptions -fno-rtti -fno-use-cxa-atexit -Wall -fstack-usage -MMD -MP -MF"CppUTests/cpputests_buffer_allignment.d" -MT"CppUTests/cpputests_buffer_allignment.o" --specs=nano.specs -mfpu=fpv4-sp-d16 -mfloat-abi=hard -mthumb -o "CppUTests/cpputests_buffer_allignment.o"
arm-none-eabi-g++ "../CppUTests/cpputests_dsp_buffer.cpp" -mcpu=cortex-m4 -std=gnu++14 -g3 -DUSE_HAL_DRIVER -DSTM32G474xx -DDEBUG -c -I../Core/Inc -I"/home/chris/DSP_GuitarPedal/G474_CppUTest/Inc" -I../Drivers/STM32G4xx_HAL_Driver/Inc -I../Drivers/STM32G4xx_HAL_Driver/Inc/Legacy -I../Drivers/CMSIS/Device/ST/STM32G4xx/Include -I../Drivers/CMSIS/Include -I"/home/chris/DSP_GuitarPedal/G474RE_Main/CppUTests" -I"/home/chris/DSP_GuitarPedal/G474RE_Main/Application" -I"/home/chris/DSP_GuitarPedal/G474_RTT/RTT" -O0 -ffunction-sections -fdata-sections -fno-exceptions -fno-rtti -fno-use-cxa-atexit -Wall -fstack-usage -MMD -MP -MF"CppUTests/cpputests_dsp_buffer.d" -MT"CppUTests/cpputests_dsp_buffer.o" --specs=nano.specs -mfpu=fpv4-sp-d16 -mfloat-abi=hard -mthumb -o "CppUTests/cpputests_dsp_buffer.o"
arm-none-eabi-g++ -o "G474RE_Main.elf" @"objects.list"  -lG474_CppUTest -lG474_RTT -mcpu=cortex-m4 -T"/home/chris/DSP_GuitarPedal/G474RE_Main/STM32G474RETX_FLASH.ld" --specs=nosys.specs -Wl,-Map="G474RE_Main.map" -Wl,--gc-sections -static -L"/home/chris/DSP_GuitarPedal/G474_CppUTest/Debug" -L"/home/chris/DSP_GuitarPedal/G474_RTT/Debug" --specs=nano.specs -mfpu=fpv4-sp-d16 -mfloat-abi=hard -mthumb -Wl,--start-group -lc -lm -lstdc++ -lsupc++ -Wl,--end-group
Finished building target: G474RE_Main.elf
 
arm-none-eabi-objdump -h -S  G474RE_Main.elf  > "G474RE_Main.list"
arm-none-eabi-objcopy  -O binary  G474RE_Main.elf  "G474RE_Main.bin"
arm-none-eabi-size   G474RE_Main.elf 
   text	   data	    bss	    dec	    hex	filename
 270140	   1808	  11016	 282964	  45154	G474RE_Main.elf
Finished building: default.size.stdout
 
Finished building: G474RE_Main.bin
 
Finished building: G474RE_Main.list
 
23:46:56 **** Incremental Build of configuration Debug for project G474_CppUTest ****
make -j4 all 
make: Nothing to be done for 'all'.
23:46:56 **** Incremental Build of configuration Debug for project G474_RTT ****
make -j4 all 
make: Nothing to be done for 'all'.
23:47:16 **** Incremental Build of configuration Debug for project G474RE_Main ****
make -j4 all 
arm-none-eabi-size   G474RE_Main.elf 
   text	   data	    bss	    dec	    hex	filename
 270140	   1808	  11016	 282964	  45154	G474RE_Main.elf
Finished building: default.size.stdout
 
23:47:47 **** Incremental Build of configuration Debug for project G474RE_Main ****
make -j4 all 
arm-none-eabi-size   G474RE_Main.elf 
   text	   data	    bss	    dec	    hex	filename
 270140	   1808	  11016	 282964	  45154	G474RE_Main.elf
Finished building: default.size.stdout
 
23:50:41 **** Incremental Build of configuration Debug for project G474RE_Main ****
make -j4 all 
arm-none-eabi-g++ "../CppUTests/cpputests_buffer_allignment.cpp" -mcpu=cortex-m4 -std=gnu++14 -g3 -DUSE_HAL_DRIVER -DSTM32G474xx -DDEBUG -c -I../Core/Inc -I"/home/chris/DSP_GuitarPedal/G474_CppUTest/Inc" -I../Drivers/STM32G4xx_HAL_Driver/Inc -I../Drivers/STM32G4xx_HAL_Driver/Inc/Legacy -I../Drivers/CMSIS/Device/ST/STM32G4xx/Include -I../Drivers/CMSIS/Include -I"/home/chris/DSP_GuitarPedal/G474RE_Main/CppUTests" -I"/home/chris/DSP_GuitarPedal/G474RE_Main/Application" -I"/home/chris/DSP_GuitarPedal/G474_RTT/RTT" -O0 -ffunction-sections -fdata-sections -fno-exceptions -fno-rtti -fno-use-cxa-atexit -Wall -fstack-usage -MMD -MP -MF"CppUTests/cpputests_buffer_allignment.d" -MT"CppUTests/cpputests_buffer_allignment.o" --specs=nano.specs -mfpu=fpv4-sp-d16 -mfloat-abi=hard -mthumb -o "CppUTests/cpputests_buffer_allignment.o"
arm-none-eabi-g++ "../CppUTests/cpputests_dsp_buffer.cpp" -mcpu=cortex-m4 -std=gnu++14 -g3 -DUSE_HAL_DRIVER -DSTM32G474xx -DDEBUG -c -I../Core/Inc -I"/home/chris/DSP_GuitarPedal/G474_CppUTest/Inc" -I../Drivers/STM32G4xx_HAL_Driver/Inc -I../Drivers/STM32G4xx_HAL_Driver/Inc/Legacy -I../Drivers/CMSIS/Device/ST/STM32G4xx/Include -I../Drivers/CMSIS/Include -I"/home/chris/DSP_GuitarPedal/G474RE_Main/CppUTests" -I"/home/chris/DSP_GuitarPedal/G474RE_Main/Application" -I"/home/chris/DSP_GuitarPedal/G474_RTT/RTT" -O0 -ffunction-sections -fdata-sections -fno-exceptions -fno-rtti -fno-use-cxa-atexit -Wall -fstack-usage -MMD -MP -MF"CppUTests/cpputests_dsp_buffer.d" -MT"CppUTests/cpputests_dsp_buffer.o" --specs=nano.specs -mfpu=fpv4-sp-d16 -mfloat-abi=hard -mthumb -o "CppUTests/cpputests_dsp_buffer.o"
arm-none-eabi-g++ "../Application/appmain.cpp" -mcpu=cortex-m4 -std=gnu++14 -g3 -DUSE_HAL_DRIVER -DSTM32G474xx -DDEBUG -c -I../Core/Inc -I"/home/chris/DSP_GuitarPedal/G474_CppUTest/Inc" -I../Drivers/STM32G4xx_HAL_Driver/Inc -I../Drivers/STM32G4xx_HAL_Driver/Inc/Legacy -I../Drivers/CMSIS/Device/ST/STM32G4xx/Include -I../Drivers/CMSIS/Include -I"/home/chris/DSP_GuitarPedal/G474RE_Main/CppUTests" -I"/home/chris/DSP_GuitarPedal/G474RE_Main/Application" -I"/home/chris/DSP_GuitarPedal/G474_RTT/RTT" -O0 -ffunction-sections -fdata-sections -fno-exceptions -fno-rtti -fno-use-cxa-atexit -Wall -fstack-usage -MMD -MP -MF"Application/appmain.d" -MT"Application/appmain.o" --specs=nano.specs -mfpu=fpv4-sp-d16 -mfloat-abi=hard -mthumb -o "Application/appmain.o"
arm-none-eabi-g++ -o "G474RE_Main.elf" @"objects.list"  -lG474_CppUTest -lG474_RTT -mcpu=cortex-m4 -T"/home/chris/DSP_GuitarPedal/G474RE_Main/STM32G474RETX_FLASH.ld" --specs=nosys.specs -Wl,-Map="G474RE_Main.map" -Wl,--gc-sections -static -L"/home/chris/DSP_GuitarPedal/G474_CppUTest/Debug" -L"/home/chris/DSP_GuitarPedal/G474_RTT/Debug" --specs=nano.specs -mfpu=fpv4-sp-d16 -mfloat-abi=hard -mthumb -Wl,--start-group -lc -lm -lstdc++ -lsupc++ -Wl,--end-group
Finished building target: G474RE_Main.elf
 
arm-none-eabi-objdump -h -S  G474RE_Main.elf  > "G474RE_Main.list"
arm-none-eabi-objcopy  -O binary  G474RE_Main.elf  "G474RE_Main.bin"
arm-none-eabi-size   G474RE_Main.elf 
   text	   data	    bss	    dec	    hex	filename
 270140	   1808	  11016	 282964	  45154	G474RE_Main.elf
Finished building: default.size.stdout
 
Finished building: G474RE_Main.bin
 
Finished building: G474RE_Main.list
 
23:50:47 **** Incremental Build of configuration Debug for project G474_CppUTest ****
make -j4 all 
make: Nothing to be done for 'all'.
23:50:47 **** Incremental Build of configuration Debug for project G474_RTT ****
make -j4 all 
make: Nothing to be done for 'all'.
23:51:02 **** Incremental Build of configuration Debug for project G474RE_Main ****
make -j4 all 
arm-none-eabi-g++ "../CppUTests/cpputests_buffer_allignment.cpp" -mcpu=cortex-m4 -std=gnu++14 -g3 -DUSE_HAL_DRIVER -DSTM32G474xx -DDEBUG -c -I../Core/Inc -I"/home/chris/DSP_GuitarPedal/G474_CppUTest/Inc" -I../Drivers/STM32G4xx_HAL_Driver/Inc -I../Drivers/STM32G4xx_HAL_Driver/Inc/Legacy -I../Drivers/CMSIS/Device/ST/STM32G4xx/Include -I../Drivers/CMSIS/Include -I"/home/chris/DSP_GuitarPedal/G474RE_Main/CppUTests" -I"/home/chris/DSP_GuitarPedal/G474RE_Main/Application" -I"/home/chris/DSP_GuitarPedal/G474_RTT/RTT" -O0 -ffunction-sections -fdata-sections -fno-exceptions -fno-rtti -fno-use-cxa-atexit -Wall -fstack-usage -MMD -MP -MF"CppUTests/cpputests_buffer_allignment.d" -MT"CppUTests/cpputests_buffer_allignment.o" --specs=nano.specs -mfpu=fpv4-sp-d16 -mfloat-abi=hard -mthumb -o "CppUTests/cpputests_buffer_allignment.o"
arm-none-eabi-g++ "../CppUTests/cpputests_dsp_buffer.cpp" -mcpu=cortex-m4 -std=gnu++14 -g3 -DUSE_HAL_DRIVER -DSTM32G474xx -DDEBUG -c -I../Core/Inc -I"/home/chris/DSP_GuitarPedal/G474_CppUTest/Inc" -I../Drivers/STM32G4xx_HAL_Driver/Inc -I../Drivers/STM32G4xx_HAL_Driver/Inc/Legacy -I../Drivers/CMSIS/Device/ST/STM32G4xx/Include -I../Drivers/CMSIS/Include -I"/home/chris/DSP_GuitarPedal/G474RE_Main/CppUTests" -I"/home/chris/DSP_GuitarPedal/G474RE_Main/Application" -I"/home/chris/DSP_GuitarPedal/G474_RTT/RTT" -O0 -ffunction-sections -fdata-sections -fno-exceptions -fno-rtti -fno-use-cxa-atexit -Wall -fstack-usage -MMD -MP -MF"CppUTests/cpputests_dsp_buffer.d" -MT"CppUTests/cpputests_dsp_buffer.o" --specs=nano.specs -mfpu=fpv4-sp-d16 -mfloat-abi=hard -mthumb -o "CppUTests/cpputests_dsp_buffer.o"
arm-none-eabi-g++ "../Application/appmain.cpp" -mcpu=cortex-m4 -std=gnu++14 -g3 -DUSE_HAL_DRIVER -DSTM32G474xx -DDEBUG -c -I../Core/Inc -I"/home/chris/DSP_GuitarPedal/G474_CppUTest/Inc" -I../Drivers/STM32G4xx_HAL_Driver/Inc -I../Drivers/STM32G4xx_HAL_Driver/Inc/Legacy -I../Drivers/CMSIS/Device/ST/STM32G4xx/Include -I../Drivers/CMSIS/Include -I"/home/chris/DSP_GuitarPedal/G474RE_Main/CppUTests" -I"/home/chris/DSP_GuitarPedal/G474RE_Main/Application" -I"/home/chris/DSP_GuitarPedal/G474_RTT/RTT" -O0 -ffunction-sections -fdata-sections -fno-exceptions -fno-rtti -fno-use-cxa-atexit -Wall -fstack-usage -MMD -MP -MF"Application/appmain.d" -MT"Application/appmain.o" --specs=nano.specs -mfpu=fpv4-sp-d16 -mfloat-abi=hard -mthumb -o "Application/appmain.o"
arm-none-eabi-g++ -o "G474RE_Main.elf" @"objects.list"  -lG474_CppUTest -lG474_RTT -mcpu=cortex-m4 -T"/home/chris/DSP_GuitarPedal/G474RE_Main/STM32G474RETX_FLASH.ld" --specs=nosys.specs -Wl,-Map="G474RE_Main.map" -Wl,--gc-sections -static -L"/home/chris/DSP_GuitarPedal/G474_CppUTest/Debug" -L"/home/chris/DSP_GuitarPedal/G474_RTT/Debug" --specs=nano.specs -mfpu=fpv4-sp-d16 -mfloat-abi=hard -mthumb -Wl,--start-group -lc -lm -lstdc++ -lsupc++ -Wl,--end-group
Finished building target: G474RE_Main.elf
 
arm-none-eabi-objdump -h -S  G474RE_Main.elf  > "G474RE_Main.list"
arm-none-eabi-objcopy  -O binary  G474RE_Main.elf  "G474RE_Main.bin"
arm-none-eabi-size   G474RE_Main.elf 
   text	   data	    bss	    dec	    hex	filename
 270124	   1808	  11016	 282948	  45144	G474RE_Main.elf
Finished building: default.size.stdout
 
Finished building: G474RE_Main.bin
 
Finished building: G474RE_Main.list
 
23:51:07 **** Incremental Build of configuration Debug for project G474_CppUTest ****
make -j4 all 
make: Nothing to be done for 'all'.
23:51:07 **** Incremental Build of configuration Debug for project G474_RTT ****
make -j4 all 
make: Nothing to be done for 'all'.
23:51:38 **** Incremental Build of configuration Debug for project G474RE_Main ****
make -j4 all 
arm-none-eabi-g++ "../CppUTests/cpputests_buffer_allignment.cpp" -mcpu=cortex-m4 -std=gnu++14 -g3 -DUSE_HAL_DRIVER -DSTM32G474xx -DDEBUG -c -I../Core/Inc -I"/home/chris/DSP_GuitarPedal/G474_CppUTest/Inc" -I../Drivers/STM32G4xx_HAL_Driver/Inc -I../Drivers/STM32G4xx_HAL_Driver/Inc/Legacy -I../Drivers/CMSIS/Device/ST/STM32G4xx/Include -I../Drivers/CMSIS/Include -I"/home/chris/DSP_GuitarPedal/G474RE_Main/CppUTests" -I"/home/chris/DSP_GuitarPedal/G474RE_Main/Application" -I"/home/chris/DSP_GuitarPedal/G474_RTT/RTT" -O0 -ffunction-sections -fdata-sections -fno-exceptions -fno-rtti -fno-use-cxa-atexit -Wall -fstack-usage -MMD -MP -MF"CppUTests/cpputests_buffer_allignment.d" -MT"CppUTests/cpputests_buffer_allignment.o" --specs=nano.specs -mfpu=fpv4-sp-d16 -mfloat-abi=hard -mthumb -o "CppUTests/cpputests_buffer_allignment.o"
arm-none-eabi-g++ "../CppUTests/cpputests_dsp_buffer.cpp" -mcpu=cortex-m4 -std=gnu++14 -g3 -DUSE_HAL_DRIVER -DSTM32G474xx -DDEBUG -c -I../Core/Inc -I"/home/chris/DSP_GuitarPedal/G474_CppUTest/Inc" -I../Drivers/STM32G4xx_HAL_Driver/Inc -I../Drivers/STM32G4xx_HAL_Driver/Inc/Legacy -I../Drivers/CMSIS/Device/ST/STM32G4xx/Include -I../Drivers/CMSIS/Include -I"/home/chris/DSP_GuitarPedal/G474RE_Main/CppUTests" -I"/home/chris/DSP_GuitarPedal/G474RE_Main/Application" -I"/home/chris/DSP_GuitarPedal/G474_RTT/RTT" -O0 -ffunction-sections -fdata-sections -fno-exceptions -fno-rtti -fno-use-cxa-atexit -Wall -fstack-usage -MMD -MP -MF"CppUTests/cpputests_dsp_buffer.d" -MT"CppUTests/cpputests_dsp_buffer.o" --specs=nano.specs -mfpu=fpv4-sp-d16 -mfloat-abi=hard -mthumb -o "CppUTests/cpputests_dsp_buffer.o"
arm-none-eabi-g++ "../Application/appmain.cpp" -mcpu=cortex-m4 -std=gnu++14 -g3 -DUSE_HAL_DRIVER -DSTM32G474xx -DDEBUG -c -I../Core/Inc -I"/home/chris/DSP_GuitarPedal/G474_CppUTest/Inc" -I../Drivers/STM32G4xx_HAL_Driver/Inc -I../Drivers/STM32G4xx_HAL_Driver/Inc/Legacy -I../Drivers/CMSIS/Device/ST/STM32G4xx/Include -I../Drivers/CMSIS/Include -I"/home/chris/DSP_GuitarPedal/G474RE_Main/CppUTests" -I"/home/chris/DSP_GuitarPedal/G474RE_Main/Application" -I"/home/chris/DSP_GuitarPedal/G474_RTT/RTT" -O0 -ffunction-sections -fdata-sections -fno-exceptions -fno-rtti -fno-use-cxa-atexit -Wall -fstack-usage -MMD -MP -MF"Application/appmain.d" -MT"Application/appmain.o" --specs=nano.specs -mfpu=fpv4-sp-d16 -mfloat-abi=hard -mthumb -o "Application/appmain.o"
arm-none-eabi-g++ -o "G474RE_Main.elf" @"objects.list"  -lG474_CppUTest -lG474_RTT -mcpu=cortex-m4 -T"/home/chris/DSP_GuitarPedal/G474RE_Main/STM32G474RETX_FLASH.ld" --specs=nosys.specs -Wl,-Map="G474RE_Main.map" -Wl,--gc-sections -static -L"/home/chris/DSP_GuitarPedal/G474_CppUTest/Debug" -L"/home/chris/DSP_GuitarPedal/G474_RTT/Debug" --specs=nano.specs -mfpu=fpv4-sp-d16 -mfloat-abi=hard -mthumb -Wl,--start-group -lc -lm -lstdc++ -lsupc++ -Wl,--end-group
Finished building target: G474RE_Main.elf
 
arm-none-eabi-objdump -h -S  G474RE_Main.elf  > "G474RE_Main.list"
arm-none-eabi-objcopy  -O binary  G474RE_Main.elf  "G474RE_Main.bin"
arm-none-eabi-size   G474RE_Main.elf 
   text	   data	    bss	    dec	    hex	filename
 270124	   1808	  11016	 282948	  45144	G474RE_Main.elf
Finished building: default.size.stdout
 
Finished building: G474RE_Main.bin
 
Finished building: G474RE_Main.list
 
23:51:43 **** Incremental Build of configuration Debug for project G474_CppUTest ****
make -j4 all 
make: Nothing to be done for 'all'.
23:51:43 **** Incremental Build of configuration Debug for project G474_RTT ****
make -j4 all 
make: Nothing to be done for 'all'.
23:52:15 **** Incremental Build of configuration Debug for project G474RE_Main ****
make -j4 all 
arm-none-eabi-g++ "../CppUTests/cpputests_buffer_allignment.cpp" -mcpu=cortex-m4 -std=gnu++14 -g3 -DUSE_HAL_DRIVER -DSTM32G474xx -DDEBUG -c -I../Core/Inc -I"/home/chris/DSP_GuitarPedal/G474_CppUTest/Inc" -I../Drivers/STM32G4xx_HAL_Driver/Inc -I../Drivers/STM32G4xx_HAL_Driver/Inc/Legacy -I../Drivers/CMSIS/Device/ST/STM32G4xx/Include -I../Drivers/CMSIS/Include -I"/home/chris/DSP_GuitarPedal/G474RE_Main/CppUTests" -I"/home/chris/DSP_GuitarPedal/G474RE_Main/Application" -I"/home/chris/DSP_GuitarPedal/G474_RTT/RTT" -O0 -ffunction-sections -fdata-sections -fno-exceptions -fno-rtti -fno-use-cxa-atexit -Wall -fstack-usage -MMD -MP -MF"CppUTests/cpputests_buffer_allignment.d" -MT"CppUTests/cpputests_buffer_allignment.o" --specs=nano.specs -mfpu=fpv4-sp-d16 -mfloat-abi=hard -mthumb -o "CppUTests/cpputests_buffer_allignment.o"
arm-none-eabi-g++ "../CppUTests/cpputests_dsp_buffer.cpp" -mcpu=cortex-m4 -std=gnu++14 -g3 -DUSE_HAL_DRIVER -DSTM32G474xx -DDEBUG -c -I../Core/Inc -I"/home/chris/DSP_GuitarPedal/G474_CppUTest/Inc" -I../Drivers/STM32G4xx_HAL_Driver/Inc -I../Drivers/STM32G4xx_HAL_Driver/Inc/Legacy -I../Drivers/CMSIS/Device/ST/STM32G4xx/Include -I../Drivers/CMSIS/Include -I"/home/chris/DSP_GuitarPedal/G474RE_Main/CppUTests" -I"/home/chris/DSP_GuitarPedal/G474RE_Main/Application" -I"/home/chris/DSP_GuitarPedal/G474_RTT/RTT" -O0 -ffunction-sections -fdata-sections -fno-exceptions -fno-rtti -fno-use-cxa-atexit -Wall -fstack-usage -MMD -MP -MF"CppUTests/cpputests_dsp_buffer.d" -MT"CppUTests/cpputests_dsp_buffer.o" --specs=nano.specs -mfpu=fpv4-sp-d16 -mfloat-abi=hard -mthumb -o "CppUTests/cpputests_dsp_buffer.o"
arm-none-eabi-g++ "../Application/appmain.cpp" -mcpu=cortex-m4 -std=gnu++14 -g3 -DUSE_HAL_DRIVER -DSTM32G474xx -DDEBUG -c -I../Core/Inc -I"/home/chris/DSP_GuitarPedal/G474_CppUTest/Inc" -I../Drivers/STM32G4xx_HAL_Driver/Inc -I../Drivers/STM32G4xx_HAL_Driver/Inc/Legacy -I../Drivers/CMSIS/Device/ST/STM32G4xx/Include -I../Drivers/CMSIS/Include -I"/home/chris/DSP_GuitarPedal/G474RE_Main/CppUTests" -I"/home/chris/DSP_GuitarPedal/G474RE_Main/Application" -I"/home/chris/DSP_GuitarPedal/G474_RTT/RTT" -O0 -ffunction-sections -fdata-sections -fno-exceptions -fno-rtti -fno-use-cxa-atexit -Wall -fstack-usage -MMD -MP -MF"Application/appmain.d" -MT"Application/appmain.o" --specs=nano.specs -mfpu=fpv4-sp-d16 -mfloat-abi=hard -mthumb -o "Application/appmain.o"
arm-none-eabi-g++ -o "G474RE_Main.elf" @"objects.list"  -lG474_CppUTest -lG474_RTT -mcpu=cortex-m4 -T"/home/chris/DSP_GuitarPedal/G474RE_Main/STM32G474RETX_FLASH.ld" --specs=nosys.specs -Wl,-Map="G474RE_Main.map" -Wl,--gc-sections -static -L"/home/chris/DSP_GuitarPedal/G474_CppUTest/Debug" -L"/home/chris/DSP_GuitarPedal/G474_RTT/Debug" --specs=nano.specs -mfpu=fpv4-sp-d16 -mfloat-abi=hard -mthumb -Wl,--start-group -lc -lm -lstdc++ -lsupc++ -Wl,--end-group
Finished building target: G474RE_Main.elf
 
arm-none-eabi-objdump -h -S  G474RE_Main.elf  > "G474RE_Main.list"
arm-none-eabi-objcopy  -O binary  G474RE_Main.elf  "G474RE_Main.bin"
arm-none-eabi-size   G474RE_Main.elf 
   text	   data	    bss	    dec	    hex	filename
 270108	   1808	  11016	 282932	  45134	G474RE_Main.elf
Finished building: default.size.stdout
 
Finished building: G474RE_Main.bin
 
Finished building: G474RE_Main.list
 
23:53:34 **** Clean-only build of configuration Debug for project G474RE_Main ****
make -j4 clean 
rm -rf *
 
23:53:35 **** Clean-only build of configuration Debug for project G474_CppUTest ****
make -j4 clean 
rm -rf *
 
23:53:35 **** Clean-only build of configuration Debug for project G474_RTT ****
make -j4 clean 
rm -rf *
 
